#
# There is insufficient memory for the Java Runtime Environment to continue.
# Native memory allocation (malloc) failed to allocate 1017136 bytes for Chunk::new
# Possible reasons:
#   The system is out of physical RAM or swap space
#   The process is running with CompressedOops enabled, and the Java Heap may be blocking the growth of the native heap
# Possible solutions:
#   Reduce memory load on the system
#   Increase physical memory or swap space
#   Check if swap backing store is full
#   Decrease Java heap size (-Xmx/-Xms)
#   Decrease number of Java threads
#   Decrease Java thread stack sizes (-Xss)
#   Set larger code cache with -XX:ReservedCodeCacheSize=
#   JVM is running with Unscaled Compressed Oops mode in which the Java heap is
#     placed in the first 4GB address space. The Java Heap base address is the
#     maximum limit for the native heap growth. Please use -XX:HeapBaseMinAddress
#     to set the Java Heap base and to place the Java Heap above 4GB virtual address.
# This output file may be truncated or incomplete.
#
#  Out of Memory Error (./src/hotspot/share/memory/arena.cpp:197), pid=16264, tid=10588
#
# JRE version: OpenJDK Runtime Environment Temurin-11.0.13+8 (11.0.13+8) (build 11.0.13+8)
# Java VM: OpenJDK 64-Bit Server VM Temurin-11.0.13+8 (11.0.13+8, mixed mode, tiered, compressed oops, g1 gc, windows-amd64)
# No core dump will be written. Minidumps are not enabled by default on client versions of Windows
#

---------------  S U M M A R Y ------------

Command Line: --add-opens=java.base/java.util=ALL-UNNAMED --add-opens=java.base/java.lang=ALL-UNNAMED --add-opens=java.base/java.lang.invoke=ALL-UNNAMED --add-opens=java.base/java.util=ALL-UNNAMED --add-opens=java.prefs/java.util.prefs=ALL-UNNAMED --add-opens=java.prefs/java.util.prefs=ALL-UNNAMED --add-opens=java.base/java.nio.charset=ALL-UNNAMED --add-opens=java.base/java.net=ALL-UNNAMED --add-opens=java.base/java.util.concurrent.atomic=ALL-UNNAMED -XX:MaxMetaspaceSize=256m -XX:+HeapDumpOnOutOfMemoryError -Xms256m -Xmx512m -Dfile.encoding=windows-1251 -Duser.country=RU -Duser.language=ru -Duser.variant org.gradle.launcher.daemon.bootstrap.GradleDaemon 7.1

Host: AMD Ryzen 5 4600H with Radeon Graphics         , 12 cores, 15G,  Windows 10 , 64 bit Build 19041 (10.0.19041.1566)
Time: Mon Apr  4 19:49:07 2022 RTZ 2 (зима) elapsed time: 5.865746 seconds (0d 0h 0m 5s)

---------------  T H R E A D  ---------------

Current thread (0x000001c67616b800):  JavaThread "C2 CompilerThread0" daemon [_thread_in_native, id=10588, stack(0x000000c256c00000,0x000000c256d00000)]


Current CompileTask:
C2:   5865 4664       4       org.objectweb.asm.Frame::execute (2318 bytes)

Stack: [0x000000c256c00000,0x000000c256d00000]
Native frames: (J=compiled Java code, j=interpreted, Vv=VM code, C=native code)
V  [jvm.dll+0x61cc7a]
V  [jvm.dll+0x7a8fd9]
V  [jvm.dll+0x7aa69f]
V  [jvm.dll+0x7aad73]
V  [jvm.dll+0x24f808]
V  [jvm.dll+0xc260c]
V  [jvm.dll+0xc2bcc]
V  [jvm.dll+0x2c1644]
V  [jvm.dll+0x52beb9]
V  [jvm.dll+0x210dcd]
V  [jvm.dll+0x20aab4]
V  [jvm.dll+0x207a5b]
V  [jvm.dll+0x18a011]
V  [jvm.dll+0x217599]
V  [jvm.dll+0x21578b]
V  [jvm.dll+0x76ba50]
V  [jvm.dll+0x7649d4]
V  [jvm.dll+0x61bb16]
C  [ucrtbase.dll+0x21bb2]
C  [KERNEL32.DLL+0x17034]
C  [ntdll.dll+0x52651]


---------------  P R O C E S S  ---------------

Threads class SMR info:
_java_thread_list=0x000001c67debe5b0, length=81, elements={
0x000001c659db8800, 0x000001c676157800, 0x000001c67614d800, 0x000001c676166000,
0x000001c676167000, 0x000001c67616a000, 0x000001c67616b800, 0x000001c67616e800,
0x000001c676ad5800, 0x000001c676c46800, 0x000001c678263000, 0x000001c676e72800,
0x000001c678c74000, 0x000001c6791bb000, 0x000001c67834f800, 0x000001c6785a9800,
0x000001c67842e800, 0x000001c678f2c800, 0x000001c678f2d000, 0x000001c6782a2000,
0x000001c679f34000, 0x000001c679f36800, 0x000001c679f33000, 0x000001c679f39800,
0x000001c679f37000, 0x000001c679f39000, 0x000001c679f34800, 0x000001c679f35800,
0x000001c679f38000, 0x000001c679d84000, 0x000001c679d87800, 0x000001c679d88000,
0x000001c679d83000, 0x000001c679d85000, 0x000001c679d85800, 0x000001c679d86800,
0x000001c67c2c6800, 0x000001c67c2c7000, 0x000001c67c2c4800, 0x000001c67c2c4000,
0x000001c67c2c5800, 0x000001c67c2c8000, 0x000001c67c2c2800, 0x000001c67c2c9000,
0x000001c67c2c3000, 0x000001c67c2c9800, 0x000001c67c2cd000, 0x000001c67c2cb800,
0x000001c67c2cc000, 0x000001c67c2d0000, 0x000001c67c2ca800, 0x000001c67c2cd800,
0x000001c67c2ce800, 0x000001c67c2cf800, 0x000001c67c2d1000, 0x000001c67b9e5800,
0x000001c67b9e8800, 0x000001c67b9eb000, 0x000001c67b9e9800, 0x000001c67b9ea000,
0x000001c67b9ec000, 0x000001c67b9e6000, 0x000001c67b9ec800, 0x000001c67b9e8000,
0x000001c67b9e7000, 0x000001c67b9ed800, 0x000001c67b9f4000, 0x000001c67b9ee800,
0x000001c67b9ef000, 0x000001c67b9f0000, 0x000001c67b9f3000, 0x000001c67b9f1800,
0x000001c67b9f1000, 0x000001c67b9f2800, 0x000001c67d519000, 0x000001c67d51a000,
0x000001c67d518800, 0x000001c67d516800, 0x000001c67d515000, 0x000001c67d516000,
0x000001c67d517800
}

Java Threads: ( => current thread )
  0x000001c659db8800 JavaThread "main" [_thread_blocked, id=3080, stack(0x000000c256000000,0x000000c256100000)]
  0x000001c676157800 JavaThread "Reference Handler" daemon [_thread_blocked, id=13252, stack(0x000000c256700000,0x000000c256800000)]
  0x000001c67614d800 JavaThread "Finalizer" daemon [_thread_blocked, id=11196, stack(0x000000c256800000,0x000000c256900000)]
  0x000001c676166000 JavaThread "Signal Dispatcher" daemon [_thread_blocked, id=11688, stack(0x000000c256900000,0x000000c256a00000)]
  0x000001c676167000 JavaThread "Attach Listener" daemon [_thread_blocked, id=6020, stack(0x000000c256a00000,0x000000c256b00000)]
  0x000001c67616a000 JavaThread "Service Thread" daemon [_thread_blocked, id=6160, stack(0x000000c256b00000,0x000000c256c00000)]
=>0x000001c67616b800 JavaThread "C2 CompilerThread0" daemon [_thread_in_native, id=10588, stack(0x000000c256c00000,0x000000c256d00000)]
  0x000001c67616e800 JavaThread "C1 CompilerThread0" daemon [_thread_blocked, id=14524, stack(0x000000c256d00000,0x000000c256e00000)]
  0x000001c676ad5800 JavaThread "Sweeper thread" daemon [_thread_blocked, id=14676, stack(0x000000c256e00000,0x000000c256f00000)]
  0x000001c676c46800 JavaThread "Common-Cleaner" daemon [_thread_blocked, id=8540, stack(0x000000c256f00000,0x000000c257000000)]
  0x000001c678263000 JavaThread "Daemon health stats" [_thread_blocked, id=7892, stack(0x000000c257700000,0x000000c257800000)]
  0x000001c676e72800 JavaThread "Incoming local TCP Connector on port 53781" [_thread_in_native, id=9080, stack(0x000000c257100000,0x000000c257200000)]
  0x000001c678c74000 JavaThread "Daemon periodic checks" [_thread_blocked, id=3032, stack(0x000000c257800000,0x000000c257900000)]
  0x000001c6791bb000 JavaThread "Daemon" [_thread_blocked, id=14784, stack(0x000000c257900000,0x000000c257a00000)]
  0x000001c67834f800 JavaThread "Handler for socket connection from /127.0.0.1:53781 to /127.0.0.1:53782" [_thread_in_native, id=1840, stack(0x000000c257a00000,0x000000c257b00000)]
  0x000001c6785a9800 JavaThread "Cancel handler" [_thread_blocked, id=12900, stack(0x000000c257b00000,0x000000c257c00000)]
  0x000001c67842e800 JavaThread "Daemon worker" [_thread_in_vm, id=7000, stack(0x000000c257c00000,0x000000c257d00000)]
  0x000001c678f2c800 JavaThread "Asynchronous log dispatcher for DefaultDaemonConnection: socket connection from /127.0.0.1:53781 to /127.0.0.1:53782" [_thread_blocked, id=15396, stack(0x000000c257d00000,0x000000c257e00000)]
  0x000001c678f2d000 JavaThread "Stdin handler" [_thread_blocked, id=13976, stack(0x000000c257e00000,0x000000c257f00000)]
  0x000001c6782a2000 JavaThread "C2 CompilerThread1" daemon [_thread_in_native, id=10992, stack(0x000000c257f00000,0x000000c258000000)]
  0x000001c679f34000 JavaThread "Daemon client event forwarder" [_thread_blocked, id=15352, stack(0x000000c258000000,0x000000c258100000)]
  0x000001c679f36800 JavaThread "Cache worker for journal cache (C:\Users\pletn\.gradle\caches\journal-1)" [_thread_blocked, id=16040, stack(0x000000c258100000,0x000000c258200000)]
  0x000001c679f33000 JavaThread "File lock request listener" [_thread_in_native, id=11320, stack(0x000000c258200000,0x000000c258300000)]
  0x000001c679f39800 JavaThread "Cache worker for file hash cache (C:\Users\pletn\.gradle\caches\7.1\fileHashes)" [_thread_blocked, id=11672, stack(0x000000c258300000,0x000000c258400000)]
  0x000001c679f37000 JavaThread "Cache worker for file hash cache (C:\Users\pletn\IdeaProjects\Homework 3-2\.gradle\7.1\fileHashes)" [_thread_blocked, id=13876, stack(0x000000c258a00000,0x000000c258b00000)]
  0x000001c679f39000 JavaThread "File watcher server" daemon [_thread_in_native, id=6456, stack(0x000000c258b00000,0x000000c258c00000)]
  0x000001c679f34800 JavaThread "File watcher consumer" daemon [_thread_blocked, id=9180, stack(0x000000c258c00000,0x000000c258d00000)]
  0x000001c679f35800 JavaThread "Cache worker for checksums cache (C:\Users\pletn\IdeaProjects\Homework 3-2\.gradle\checksums)" [_thread_blocked, id=11364, stack(0x000000c258d00000,0x000000c258e00000)]
  0x000001c679f38000 JavaThread "Cache worker for cache directory md-supplier (C:\Users\pletn\.gradle\caches\7.1\md-supplier)" [_thread_blocked, id=6432, stack(0x000000c258e00000,0x000000c258f00000)]
  0x000001c679d84000 JavaThread "Cache worker for cache directory md-rule (C:\Users\pletn\.gradle\caches\7.1\md-rule)" [_thread_blocked, id=3808, stack(0x000000c258f00000,0x000000c259000000)]
  0x000001c679d87800 JavaThread "Cache worker for execution history cache (C:\Users\pletn\.gradle\caches\7.1\executionHistory)" [_thread_blocked, id=8712, stack(0x000000c259000000,0x000000c259100000)]
  0x000001c679d88000 JavaThread "jar transforms" [_thread_blocked, id=13480, stack(0x000000c259100000,0x000000c259200000)]
  0x000001c679d83000 JavaThread "jar transforms Thread 2" [_thread_blocked, id=3228, stack(0x000000c259200000,0x000000c259300000)]
  0x000001c679d85000 JavaThread "Cache worker for file content cache (C:\Users\pletn\.gradle\caches\7.1\fileContent)" [_thread_blocked, id=12708, stack(0x000000c259300000,0x000000c259400000)]
  0x000001c679d85800 JavaThread "jar transforms Thread 3" [_thread_blocked, id=6572, stack(0x000000c259400000,0x000000c259500000)]
  0x000001c679d86800 JavaThread "jar transforms Thread 4" [_thread_blocked, id=14740, stack(0x000000c259500000,0x000000c259600000)]
  0x000001c67c2c6800 JavaThread "jar transforms Thread 5" [_thread_blocked, id=13820, stack(0x000000c259600000,0x000000c259700000)]
  0x000001c67c2c7000 JavaThread "jar transforms Thread 6" [_thread_blocked, id=10976, stack(0x000000c259700000,0x000000c259800000)]
  0x000001c67c2c4800 JavaThread "jar transforms Thread 7" [_thread_blocked, id=3400, stack(0x000000c259800000,0x000000c259900000)]
  0x000001c67c2c4000 JavaThread "jar transforms Thread 8" [_thread_blocked, id=7640, stack(0x000000c259900000,0x000000c259a00000)]
  0x000001c67c2c5800 JavaThread "Cache worker for dependencies-accessors (C:\Users\pletn\IdeaProjects\Homework 3-2\.gradle\7.1\dependencies-accessors)" [_thread_blocked, id=7904, stack(0x000000c259a00000,0x000000c259b00000)]
  0x000001c67c2c8000 JavaThread "jar transforms Thread 9" [_thread_blocked, id=1888, stack(0x000000c259b00000,0x000000c259c00000)]
  0x000001c67c2c2800 JavaThread "Cache worker for Build Output Cleanup Cache (C:\Users\pletn\IdeaProjects\Homework 3-2\.gradle\buildOutputCleanup)" [_thread_blocked, id=15732, stack(0x000000c259c00000,0x000000c259d00000)]
  0x000001c67c2c9000 JavaThread "Unconstrained build operations" [_thread_blocked, id=7500, stack(0x000000c259d00000,0x000000c259e00000)]
  0x000001c67c2c3000 JavaThread "Unconstrained build operations Thread 2" [_thread_blocked, id=3456, stack(0x000000c259e00000,0x000000c259f00000)]
  0x000001c67c2c9800 JavaThread "Unconstrained build operations Thread 3" [_thread_blocked, id=4584, stack(0x000000c259f00000,0x000000c25a000000)]
  0x000001c67c2cd000 JavaThread "Unconstrained build operations Thread 4" [_thread_blocked, id=5296, stack(0x000000c25a000000,0x000000c25a100000)]
  0x000001c67c2cb800 JavaThread "Unconstrained build operations Thread 5" [_thread_blocked, id=12440, stack(0x000000c25a100000,0x000000c25a200000)]
  0x000001c67c2cc000 JavaThread "Unconstrained build operations Thread 6" [_thread_blocked, id=4916, stack(0x000000c25a200000,0x000000c25a300000)]
  0x000001c67c2d0000 JavaThread "Unconstrained build operations Thread 7" [_thread_blocked, id=5844, stack(0x000000c25a300000,0x000000c25a400000)]
  0x000001c67c2ca800 JavaThread "Unconstrained build operations Thread 8" [_thread_blocked, id=14076, stack(0x000000c25a400000,0x000000c25a500000)]
  0x000001c67c2cd800 JavaThread "Unconstrained build operations Thread 9" [_thread_blocked, id=7160, stack(0x000000c25a500000,0x000000c25a600000)]
  0x000001c67c2ce800 JavaThread "Unconstrained build operations Thread 10" [_thread_blocked, id=7544, stack(0x000000c25a600000,0x000000c25a700000)]
  0x000001c67c2cf800 JavaThread "Unconstrained build operations Thread 11" [_thread_blocked, id=11864, stack(0x000000c25a700000,0x000000c25a800000)]
  0x000001c67c2d1000 JavaThread "Unconstrained build operations Thread 12" [_thread_blocked, id=1552, stack(0x000000c25a800000,0x000000c25a900000)]
  0x000001c67b9e5800 JavaThread "Unconstrained build operations Thread 13" [_thread_blocked, id=3348, stack(0x000000c25a900000,0x000000c25aa00000)]
  0x000001c67b9e8800 JavaThread "Unconstrained build operations Thread 14" [_thread_blocked, id=3992, stack(0x000000c25aa00000,0x000000c25ab00000)]
  0x000001c67b9eb000 JavaThread "Unconstrained build operations Thread 15" [_thread_blocked, id=13792, stack(0x000000c25ab00000,0x000000c25ac00000)]
  0x000001c67b9e9800 JavaThread "Unconstrained build operations Thread 16" [_thread_blocked, id=7932, stack(0x000000c25ac00000,0x000000c25ad00000)]
  0x000001c67b9ea000 JavaThread "Unconstrained build operations Thread 17" [_thread_blocked, id=13028, stack(0x000000c25ad00000,0x000000c25ae00000)]
  0x000001c67b9ec000 JavaThread "Unconstrained build operations Thread 18" [_thread_blocked, id=13632, stack(0x000000c25ae00000,0x000000c25af00000)]
  0x000001c67b9e6000 JavaThread "Unconstrained build operations Thread 19" [_thread_blocked, id=10880, stack(0x000000c25af00000,0x000000c25b000000)]
  0x000001c67b9ec800 JavaThread "Unconstrained build operations Thread 20" [_thread_blocked, id=8396, stack(0x000000c25b000000,0x000000c25b100000)]
  0x000001c67b9e8000 JavaThread "Unconstrained build operations Thread 21" [_thread_blocked, id=12116, stack(0x000000c25b100000,0x000000c25b200000)]
  0x000001c67b9e7000 JavaThread "Unconstrained build operations Thread 22" [_thread_blocked, id=13076, stack(0x000000c25b200000,0x000000c25b300000)]
  0x000001c67b9ed800 JavaThread "Unconstrained build operations Thread 23" [_thread_blocked, id=12196, stack(0x000000c25b300000,0x000000c25b400000)]
  0x000001c67b9f4000 JavaThread "Unconstrained build operations Thread 24" [_thread_blocked, id=14848, stack(0x000000c25b400000,0x000000c25b500000)]
  0x000001c67b9ee800 JavaThread "Unconstrained build operations Thread 25" [_thread_blocked, id=9576, stack(0x000000c25b500000,0x000000c25b600000)]
  0x000001c67b9ef000 JavaThread "Unconstrained build operations Thread 26" [_thread_blocked, id=11140, stack(0x000000c25b600000,0x000000c25b700000)]
  0x000001c67b9f0000 JavaThread "Unconstrained build operations Thread 27" [_thread_blocked, id=12092, stack(0x000000c25b700000,0x000000c25b800000)]
  0x000001c67b9f3000 JavaThread "Unconstrained build operations Thread 28" [_thread_blocked, id=9152, stack(0x000000c25b800000,0x000000c25b900000)]
  0x000001c67b9f1800 JavaThread "Unconstrained build operations Thread 29" [_thread_blocked, id=10384, stack(0x000000c25b900000,0x000000c25ba00000)]
  0x000001c67b9f1000 JavaThread "Unconstrained build operations Thread 30" [_thread_blocked, id=8484, stack(0x000000c25ba00000,0x000000c25bb00000)]
  0x000001c67b9f2800 JavaThread "Unconstrained build operations Thread 31" [_thread_blocked, id=1360, stack(0x000000c25bb00000,0x000000c25bc00000)]
  0x000001c67d519000 JavaThread "Unconstrained build operations Thread 32" [_thread_blocked, id=9880, stack(0x000000c25bc00000,0x000000c25bd00000)]
  0x000001c67d51a000 JavaThread "Unconstrained build operations Thread 33" [_thread_blocked, id=12976, stack(0x000000c25bd00000,0x000000c25be00000)]
  0x000001c67d518800 JavaThread "jar transforms Thread 10" [_thread_blocked, id=15864, stack(0x000000c25be00000,0x000000c25bf00000)]
  0x000001c67d516800 JavaThread "jar transforms Thread 11" [_thread_blocked, id=14560, stack(0x000000c25bf00000,0x000000c25c000000)]
  0x000001c67d515000 JavaThread "jar transforms Thread 12" [_thread_blocked, id=10852, stack(0x000000c25c000000,0x000000c25c100000)]
  0x000001c67d516000 JavaThread "build event listener" [_thread_blocked, id=1340, stack(0x000000c25c100000,0x000000c25c200000)]
  0x000001c67d517800 JavaThread "Memory manager" [_thread_blocked, id=11660, stack(0x000000c25c200000,0x000000c25c300000)]

Other Threads:
  0x000001c676145000 VMThread "VM Thread" [stack: 0x000000c256600000,0x000000c256700000] [id=4560]
  0x000001c676c7e800 WatcherThread [stack: 0x000000c257000000,0x000000c257100000] [id=11384]
  0x000001c659dd3800 GCTaskThread "GC Thread#0" [stack: 0x000000c256100000,0x000000c256200000] [id=8044]
  0x000001c6778da800 GCTaskThread "GC Thread#1" [stack: 0x000000c257200000,0x000000c257300000] [id=12144]
  0x000001c6776f6800 GCTaskThread "GC Thread#2" [stack: 0x000000c257300000,0x000000c257400000] [id=14732]
  0x000001c6776f7000 GCTaskThread "GC Thread#3" [stack: 0x000000c257400000,0x000000c257500000] [id=9556]
  0x000001c67794d800 GCTaskThread "GC Thread#4" [stack: 0x000000c257500000,0x000000c257600000] [id=5572]
  0x000001c677d49000 GCTaskThread "GC Thread#5" [stack: 0x000000c257600000,0x000000c257700000] [id=16056]
  0x000001c679c96000 GCTaskThread "GC Thread#6" [stack: 0x000000c258400000,0x000000c258500000] [id=884]
  0x000001c6792a8000 GCTaskThread "GC Thread#7" [stack: 0x000000c258500000,0x000000c258600000] [id=14032]
  0x000001c6792cf000 GCTaskThread "GC Thread#8" [stack: 0x000000c258600000,0x000000c258700000] [id=15256]
  0x000001c6782a3000 GCTaskThread "GC Thread#9" [stack: 0x000000c258700000,0x000000c258800000] [id=6096]
  0x000001c659dee000 ConcurrentGCThread "G1 Main Marker" [stack: 0x000000c256200000,0x000000c256300000] [id=9680]
  0x000001c659df1000 ConcurrentGCThread "G1 Conc#0" [stack: 0x000000c256300000,0x000000c256400000] [id=7308]
  0x000001c67861b800 ConcurrentGCThread "G1 Conc#1" [stack: 0x000000c258800000,0x000000c258900000] [id=5040]
  0x000001c677c10800 ConcurrentGCThread "G1 Conc#2" [stack: 0x000000c258900000,0x000000c258a00000] [id=14636]
  0x000001c675fb6800 ConcurrentGCThread "G1 Refine#0" [stack: 0x000000c256400000,0x000000c256500000] [id=14224]
  0x000001c675fb7800 ConcurrentGCThread "G1 Young RemSet Sampling" [stack: 0x000000c256500000,0x000000c256600000] [id=4464]

Threads with active compile tasks:
C2 CompilerThread0   5891 4664       4       org.objectweb.asm.Frame::execute (2318 bytes)

VM state:not at safepoint (normal execution)

VM Mutex/Monitor currently owned by a thread: None

Heap address: 0x00000000e0000000, size: 512 MB, Compressed Oops mode: 32-bit
Narrow klass base: 0x0000000000000000, Narrow klass shift: 3
Compressed class space size: 260046848 Address: 0x0000000100000000

Heap:
 garbage-first heap   total 262144K, used 121973K [0x00000000e0000000, 0x0000000100000000)
  region size 1024K, 100 young (102400K), 12 survivors (12288K)
 Metaspace       used 52579K, capacity 53981K, committed 54096K, reserved 301056K
  class space    used 6695K, capacity 7227K, committed 7328K, reserved 253952K
Heap Regions: E=young(eden), S=young(survivor), O=old, HS=humongous(starts), HC=humongous(continues), CS=collection set, F=free, A=archive, TAMS=top-at-mark-start (previous, next)
|   0|0x00000000e0000000, 0x00000000e0100000, 0x00000000e0100000|100%| O|  |TAMS 0x00000000e0100000, 0x00000000e0000000| Untracked 
|   1|0x00000000e0100000, 0x00000000e0200000, 0x00000000e0200000|100%| O|  |TAMS 0x00000000e0200000, 0x00000000e0100000| Untracked 
|   2|0x00000000e0200000, 0x00000000e0300000, 0x00000000e0300000|100%| O|  |TAMS 0x00000000e0300000, 0x00000000e0200000| Untracked 
|   3|0x00000000e0300000, 0x00000000e0400000, 0x00000000e0400000|100%|HS|  |TAMS 0x00000000e0400000, 0x00000000e0300000| Complete 
|   4|0x00000000e0400000, 0x00000000e0500000, 0x00000000e0500000|100%|HC|  |TAMS 0x00000000e0500000, 0x00000000e0400000| Complete 
|   5|0x00000000e0500000, 0x00000000e0600000, 0x00000000e0600000|100%|HC|  |TAMS 0x00000000e0600000, 0x00000000e0500000| Complete 
|   6|0x00000000e0600000, 0x00000000e0700000, 0x00000000e0700000|100%| O|  |TAMS 0x00000000e0700000, 0x00000000e0600000| Untracked 
|   7|0x00000000e0700000, 0x00000000e0800000, 0x00000000e0800000|100%| O|  |TAMS 0x00000000e0800000, 0x00000000e0700000| Untracked 
|   8|0x00000000e0800000, 0x00000000e0900000, 0x00000000e0900000|100%| O|  |TAMS 0x00000000e0900000, 0x00000000e0800000| Untracked 
|   9|0x00000000e0900000, 0x00000000e0a00000, 0x00000000e0a00000|100%| O|  |TAMS 0x00000000e0a00000, 0x00000000e0900000| Untracked 
|  10|0x00000000e0a00000, 0x00000000e0b00000, 0x00000000e0b00000|100%| O|  |TAMS 0x00000000e0b00000, 0x00000000e0a00000| Untracked 
|  11|0x00000000e0b00000, 0x00000000e0c00000, 0x00000000e0c00000|100%| O|  |TAMS 0x00000000e0c00000, 0x00000000e0b00000| Untracked 
|  12|0x00000000e0c00000, 0x00000000e0d00000, 0x00000000e0d00000|100%| O|  |TAMS 0x00000000e0d00000, 0x00000000e0c00000| Untracked 
|  13|0x00000000e0d00000, 0x00000000e0e00000, 0x00000000e0e00000|100%| O|  |TAMS 0x00000000e0e00000, 0x00000000e0d00000| Untracked 
|  14|0x00000000e0e00000, 0x00000000e0f00000, 0x00000000e0f00000|100%| O|  |TAMS 0x00000000e0f00000, 0x00000000e0e00000| Untracked 
|  15|0x00000000e0f00000, 0x00000000e1000000, 0x00000000e1000000|100%| O|  |TAMS 0x00000000e1000000, 0x00000000e0f00000| Untracked 
|  16|0x00000000e1000000, 0x00000000e102e600, 0x00000000e1100000| 18%| O|  |TAMS 0x00000000e102e600, 0x00000000e1000000| Untracked 
|  17|0x00000000e1100000, 0x00000000e1200000, 0x00000000e1200000|100%|HS|  |TAMS 0x00000000e1100000, 0x00000000e1100000| Complete 
|  18|0x00000000e1200000, 0x00000000e1300000, 0x00000000e1300000|100%|HS|  |TAMS 0x00000000e1200000, 0x00000000e1200000| Complete 
|  19|0x00000000e1300000, 0x00000000e1400000, 0x00000000e1400000|100%|HC|  |TAMS 0x00000000e1300000, 0x00000000e1300000| Complete 
|  20|0x00000000e1400000, 0x00000000e1500000, 0x00000000e1500000|100%|HC|  |TAMS 0x00000000e1400000, 0x00000000e1400000| Complete 
|  21|0x00000000e1500000, 0x00000000e1500000, 0x00000000e1600000|  0%| F|  |TAMS 0x00000000e1500000, 0x00000000e1500000| Untracked 
|  22|0x00000000e1600000, 0x00000000e1600000, 0x00000000e1700000|  0%| F|  |TAMS 0x00000000e1600000, 0x00000000e1600000| Untracked 
|  23|0x00000000e1700000, 0x00000000e1700000, 0x00000000e1800000|  0%| F|  |TAMS 0x00000000e1700000, 0x00000000e1700000| Untracked 
|  24|0x00000000e1800000, 0x00000000e1800000, 0x00000000e1900000|  0%| F|  |TAMS 0x00000000e1800000, 0x00000000e1800000| Untracked 
|  25|0x00000000e1900000, 0x00000000e1900000, 0x00000000e1a00000|  0%| F|  |TAMS 0x00000000e1900000, 0x00000000e1900000| Untracked 
|  26|0x00000000e1a00000, 0x00000000e1a00000, 0x00000000e1b00000|  0%| F|  |TAMS 0x00000000e1a00000, 0x00000000e1a00000| Untracked 
|  27|0x00000000e1b00000, 0x00000000e1b00000, 0x00000000e1c00000|  0%| F|  |TAMS 0x00000000e1b00000, 0x00000000e1b00000| Untracked 
|  28|0x00000000e1c00000, 0x00000000e1c00000, 0x00000000e1d00000|  0%| F|  |TAMS 0x00000000e1c00000, 0x00000000e1c00000| Untracked 
|  29|0x00000000e1d00000, 0x00000000e1d00000, 0x00000000e1e00000|  0%| F|  |TAMS 0x00000000e1d00000, 0x00000000e1d00000| Untracked 
|  30|0x00000000e1e00000, 0x00000000e1e00000, 0x00000000e1f00000|  0%| F|  |TAMS 0x00000000e1e00000, 0x00000000e1e00000| Untracked 
|  31|0x00000000e1f00000, 0x00000000e1f00000, 0x00000000e2000000|  0%| F|  |TAMS 0x00000000e1f00000, 0x00000000e1f00000| Untracked 
|  32|0x00000000e2000000, 0x00000000e2000000, 0x00000000e2100000|  0%| F|  |TAMS 0x00000000e2000000, 0x00000000e2000000| Untracked 
|  33|0x00000000e2100000, 0x00000000e2100000, 0x00000000e2200000|  0%| F|  |TAMS 0x00000000e2100000, 0x00000000e2100000| Untracked 
|  34|0x00000000e2200000, 0x00000000e2200000, 0x00000000e2300000|  0%| F|  |TAMS 0x00000000e2200000, 0x00000000e2200000| Untracked 
|  35|0x00000000e2300000, 0x00000000e2300000, 0x00000000e2400000|  0%| F|  |TAMS 0x00000000e2300000, 0x00000000e2300000| Untracked 
|  36|0x00000000e2400000, 0x00000000e2400000, 0x00000000e2500000|  0%| F|  |TAMS 0x00000000e2400000, 0x00000000e2400000| Untracked 
|  37|0x00000000e2500000, 0x00000000e2500000, 0x00000000e2600000|  0%| F|  |TAMS 0x00000000e2500000, 0x00000000e2500000| Untracked 
|  38|0x00000000e2600000, 0x00000000e2600000, 0x00000000e2700000|  0%| F|  |TAMS 0x00000000e2600000, 0x00000000e2600000| Untracked 
|  39|0x00000000e2700000, 0x00000000e2700000, 0x00000000e2800000|  0%| F|  |TAMS 0x00000000e2700000, 0x00000000e2700000| Untracked 
|  40|0x00000000e2800000, 0x00000000e2800000, 0x00000000e2900000|  0%| F|  |TAMS 0x00000000e2800000, 0x00000000e2800000| Untracked 
|  41|0x00000000e2900000, 0x00000000e2900000, 0x00000000e2a00000|  0%| F|  |TAMS 0x00000000e2900000, 0x00000000e2900000| Untracked 
|  42|0x00000000e2a00000, 0x00000000e2a00000, 0x00000000e2b00000|  0%| F|  |TAMS 0x00000000e2a00000, 0x00000000e2a00000| Untracked 
|  43|0x00000000e2b00000, 0x00000000e2b00000, 0x00000000e2c00000|  0%| F|  |TAMS 0x00000000e2b00000, 0x00000000e2b00000| Untracked 
|  44|0x00000000e2c00000, 0x00000000e2c00000, 0x00000000e2d00000|  0%| F|  |TAMS 0x00000000e2c00000, 0x00000000e2c00000| Untracked 
|  45|0x00000000e2d00000, 0x00000000e2d00000, 0x00000000e2e00000|  0%| F|  |TAMS 0x00000000e2d00000, 0x00000000e2d00000| Untracked 
|  46|0x00000000e2e00000, 0x00000000e2e00000, 0x00000000e2f00000|  0%| F|  |TAMS 0x00000000e2e00000, 0x00000000e2e00000| Untracked 
|  47|0x00000000e2f00000, 0x00000000e2f00000, 0x00000000e3000000|  0%| F|  |TAMS 0x00000000e2f00000, 0x00000000e2f00000| Untracked 
|  48|0x00000000e3000000, 0x00000000e3000000, 0x00000000e3100000|  0%| F|  |TAMS 0x00000000e3000000, 0x00000000e3000000| Untracked 
|  49|0x00000000e3100000, 0x00000000e3100000, 0x00000000e3200000|  0%| F|  |TAMS 0x00000000e3100000, 0x00000000e3100000| Untracked 
|  50|0x00000000e3200000, 0x00000000e3200000, 0x00000000e3300000|  0%| F|  |TAMS 0x00000000e3200000, 0x00000000e3200000| Untracked 
|  51|0x00000000e3300000, 0x00000000e3300000, 0x00000000e3400000|  0%| F|  |TAMS 0x00000000e3300000, 0x00000000e3300000| Untracked 
|  52|0x00000000e3400000, 0x00000000e3400000, 0x00000000e3500000|  0%| F|  |TAMS 0x00000000e3400000, 0x00000000e3400000| Untracked 
|  53|0x00000000e3500000, 0x00000000e3500000, 0x00000000e3600000|  0%| F|  |TAMS 0x00000000e3500000, 0x00000000e3500000| Untracked 
|  54|0x00000000e3600000, 0x00000000e3600000, 0x00000000e3700000|  0%| F|  |TAMS 0x00000000e3600000, 0x00000000e3600000| Untracked 
|  55|0x00000000e3700000, 0x00000000e3700000, 0x00000000e3800000|  0%| F|  |TAMS 0x00000000e3700000, 0x00000000e3700000| Untracked 
|  56|0x00000000e3800000, 0x00000000e3800000, 0x00000000e3900000|  0%| F|  |TAMS 0x00000000e3800000, 0x00000000e3800000| Untracked 
|  57|0x00000000e3900000, 0x00000000e3900000, 0x00000000e3a00000|  0%| F|  |TAMS 0x00000000e3900000, 0x00000000e3900000| Untracked 
|  58|0x00000000e3a00000, 0x00000000e3a00000, 0x00000000e3b00000|  0%| F|  |TAMS 0x00000000e3a00000, 0x00000000e3a00000| Untracked 
|  59|0x00000000e3b00000, 0x00000000e3b00000, 0x00000000e3c00000|  0%| F|  |TAMS 0x00000000e3b00000, 0x00000000e3b00000| Untracked 
|  60|0x00000000e3c00000, 0x00000000e3c00000, 0x00000000e3d00000|  0%| F|  |TAMS 0x00000000e3c00000, 0x00000000e3c00000| Untracked 
|  61|0x00000000e3d00000, 0x00000000e3d00000, 0x00000000e3e00000|  0%| F|  |TAMS 0x00000000e3d00000, 0x00000000e3d00000| Untracked 
|  62|0x00000000e3e00000, 0x00000000e3e00000, 0x00000000e3f00000|  0%| F|  |TAMS 0x00000000e3e00000, 0x00000000e3e00000| Untracked 
|  63|0x00000000e3f00000, 0x00000000e3f00000, 0x00000000e4000000|  0%| F|  |TAMS 0x00000000e3f00000, 0x00000000e3f00000| Untracked 
|  64|0x00000000e4000000, 0x00000000e4000000, 0x00000000e4100000|  0%| F|  |TAMS 0x00000000e4000000, 0x00000000e4000000| Untracked 
|  65|0x00000000e4100000, 0x00000000e4100000, 0x00000000e4200000|  0%| F|  |TAMS 0x00000000e4100000, 0x00000000e4100000| Untracked 
|  66|0x00000000e4200000, 0x00000000e4200000, 0x00000000e4300000|  0%| F|  |TAMS 0x00000000e4200000, 0x00000000e4200000| Untracked 
|  67|0x00000000e4300000, 0x00000000e4300000, 0x00000000e4400000|  0%| F|  |TAMS 0x00000000e4300000, 0x00000000e4300000| Untracked 
|  68|0x00000000e4400000, 0x00000000e4400000, 0x00000000e4500000|  0%| F|  |TAMS 0x00000000e4400000, 0x00000000e4400000| Untracked 
|  69|0x00000000e4500000, 0x00000000e4500000, 0x00000000e4600000|  0%| F|  |TAMS 0x00000000e4500000, 0x00000000e4500000| Untracked 
|  70|0x00000000e4600000, 0x00000000e4600000, 0x00000000e4700000|  0%| F|  |TAMS 0x00000000e4600000, 0x00000000e4600000| Untracked 
|  71|0x00000000e4700000, 0x00000000e4700000, 0x00000000e4800000|  0%| F|  |TAMS 0x00000000e4700000, 0x00000000e4700000| Untracked 
|  72|0x00000000e4800000, 0x00000000e4800000, 0x00000000e4900000|  0%| F|  |TAMS 0x00000000e4800000, 0x00000000e4800000| Untracked 
|  73|0x00000000e4900000, 0x00000000e4900000, 0x00000000e4a00000|  0%| F|  |TAMS 0x00000000e4900000, 0x00000000e4900000| Untracked 
|  74|0x00000000e4a00000, 0x00000000e4a00000, 0x00000000e4b00000|  0%| F|  |TAMS 0x00000000e4a00000, 0x00000000e4a00000| Untracked 
|  75|0x00000000e4b00000, 0x00000000e4b00000, 0x00000000e4c00000|  0%| F|  |TAMS 0x00000000e4b00000, 0x00000000e4b00000| Untracked 
|  76|0x00000000e4c00000, 0x00000000e4c00000, 0x00000000e4d00000|  0%| F|  |TAMS 0x00000000e4c00000, 0x00000000e4c00000| Untracked 
|  77|0x00000000e4d00000, 0x00000000e4d00000, 0x00000000e4e00000|  0%| F|  |TAMS 0x00000000e4d00000, 0x00000000e4d00000| Untracked 
|  78|0x00000000e4e00000, 0x00000000e4e00000, 0x00000000e4f00000|  0%| F|  |TAMS 0x00000000e4e00000, 0x00000000e4e00000| Untracked 
|  79|0x00000000e4f00000, 0x00000000e4f00000, 0x00000000e5000000|  0%| F|  |TAMS 0x00000000e4f00000, 0x00000000e4f00000| Untracked 
|  80|0x00000000e5000000, 0x00000000e5000000, 0x00000000e5100000|  0%| F|  |TAMS 0x00000000e5000000, 0x00000000e5000000| Untracked 
|  81|0x00000000e5100000, 0x00000000e5100000, 0x00000000e5200000|  0%| F|  |TAMS 0x00000000e5100000, 0x00000000e5100000| Untracked 
|  82|0x00000000e5200000, 0x00000000e5200000, 0x00000000e5300000|  0%| F|  |TAMS 0x00000000e5200000, 0x00000000e5200000| Untracked 
|  83|0x00000000e5300000, 0x00000000e5300000, 0x00000000e5400000|  0%| F|  |TAMS 0x00000000e5300000, 0x00000000e5300000| Untracked 
|  84|0x00000000e5400000, 0x00000000e5400000, 0x00000000e5500000|  0%| F|  |TAMS 0x00000000e5400000, 0x00000000e5400000| Untracked 
|  85|0x00000000e5500000, 0x00000000e5500000, 0x00000000e5600000|  0%| F|  |TAMS 0x00000000e5500000, 0x00000000e5500000| Untracked 
|  86|0x00000000e5600000, 0x00000000e5600000, 0x00000000e5700000|  0%| F|  |TAMS 0x00000000e5600000, 0x00000000e5600000| Untracked 
|  87|0x00000000e5700000, 0x00000000e5700000, 0x00000000e5800000|  0%| F|  |TAMS 0x00000000e5700000, 0x00000000e5700000| Untracked 
|  88|0x00000000e5800000, 0x00000000e5800000, 0x00000000e5900000|  0%| F|  |TAMS 0x00000000e5800000, 0x00000000e5800000| Untracked 
|  89|0x00000000e5900000, 0x00000000e5900000, 0x00000000e5a00000|  0%| F|  |TAMS 0x00000000e5900000, 0x00000000e5900000| Untracked 
|  90|0x00000000e5a00000, 0x00000000e5a00000, 0x00000000e5b00000|  0%| F|  |TAMS 0x00000000e5a00000, 0x00000000e5a00000| Untracked 
|  91|0x00000000e5b00000, 0x00000000e5b00000, 0x00000000e5c00000|  0%| F|  |TAMS 0x00000000e5b00000, 0x00000000e5b00000| Untracked 
|  92|0x00000000e5c00000, 0x00000000e5c00000, 0x00000000e5d00000|  0%| F|  |TAMS 0x00000000e5c00000, 0x00000000e5c00000| Untracked 
|  93|0x00000000e5d00000, 0x00000000e5d00000, 0x00000000e5e00000|  0%| F|  |TAMS 0x00000000e5d00000, 0x00000000e5d00000| Untracked 
|  94|0x00000000e5e00000, 0x00000000e5e00000, 0x00000000e5f00000|  0%| F|  |TAMS 0x00000000e5e00000, 0x00000000e5e00000| Untracked 
|  95|0x00000000e5f00000, 0x00000000e5f00000, 0x00000000e6000000|  0%| F|  |TAMS 0x00000000e5f00000, 0x00000000e5f00000| Untracked 
|  96|0x00000000e6000000, 0x00000000e6000000, 0x00000000e6100000|  0%| F|  |TAMS 0x00000000e6000000, 0x00000000e6000000| Untracked 
|  97|0x00000000e6100000, 0x00000000e6100000, 0x00000000e6200000|  0%| F|  |TAMS 0x00000000e6100000, 0x00000000e6100000| Untracked 
|  98|0x00000000e6200000, 0x00000000e6200000, 0x00000000e6300000|  0%| F|  |TAMS 0x00000000e6200000, 0x00000000e6200000| Untracked 
|  99|0x00000000e6300000, 0x00000000e6300000, 0x00000000e6400000|  0%| F|  |TAMS 0x00000000e6300000, 0x00000000e6300000| Untracked 
| 100|0x00000000e6400000, 0x00000000e6400000, 0x00000000e6500000|  0%| F|  |TAMS 0x00000000e6400000, 0x00000000e6400000| Untracked 
| 101|0x00000000e6500000, 0x00000000e6500000, 0x00000000e6600000|  0%| F|  |TAMS 0x00000000e6500000, 0x00000000e6500000| Untracked 
| 102|0x00000000e6600000, 0x00000000e6600000, 0x00000000e6700000|  0%| F|  |TAMS 0x00000000e6600000, 0x00000000e6600000| Untracked 
| 103|0x00000000e6700000, 0x00000000e6700000, 0x00000000e6800000|  0%| F|  |TAMS 0x00000000e6700000, 0x00000000e6700000| Untracked 
| 104|0x00000000e6800000, 0x00000000e6800000, 0x00000000e6900000|  0%| F|  |TAMS 0x00000000e6800000, 0x00000000e6800000| Untracked 
| 105|0x00000000e6900000, 0x00000000e6900000, 0x00000000e6a00000|  0%| F|  |TAMS 0x00000000e6900000, 0x00000000e6900000| Untracked 
| 106|0x00000000e6a00000, 0x00000000e6a00000, 0x00000000e6b00000|  0%| F|  |TAMS 0x00000000e6a00000, 0x00000000e6a00000| Untracked 
| 107|0x00000000e6b00000, 0x00000000e6b00000, 0x00000000e6c00000|  0%| F|  |TAMS 0x00000000e6b00000, 0x00000000e6b00000| Untracked 
| 108|0x00000000e6c00000, 0x00000000e6c00000, 0x00000000e6d00000|  0%| F|  |TAMS 0x00000000e6c00000, 0x00000000e6c00000| Untracked 
| 109|0x00000000e6d00000, 0x00000000e6d00000, 0x00000000e6e00000|  0%| F|  |TAMS 0x00000000e6d00000, 0x00000000e6d00000| Untracked 
| 110|0x00000000e6e00000, 0x00000000e6e00000, 0x00000000e6f00000|  0%| F|  |TAMS 0x00000000e6e00000, 0x00000000e6e00000| Untracked 
| 111|0x00000000e6f00000, 0x00000000e6f00000, 0x00000000e7000000|  0%| F|  |TAMS 0x00000000e6f00000, 0x00000000e6f00000| Untracked 
| 112|0x00000000e7000000, 0x00000000e7000000, 0x00000000e7100000|  0%| F|  |TAMS 0x00000000e7000000, 0x00000000e7000000| Untracked 
| 113|0x00000000e7100000, 0x00000000e7100000, 0x00000000e7200000|  0%| F|  |TAMS 0x00000000e7100000, 0x00000000e7100000| Untracked 
| 114|0x00000000e7200000, 0x00000000e7200000, 0x00000000e7300000|  0%| F|  |TAMS 0x00000000e7200000, 0x00000000e7200000| Untracked 
| 115|0x00000000e7300000, 0x00000000e7300000, 0x00000000e7400000|  0%| F|  |TAMS 0x00000000e7300000, 0x00000000e7300000| Untracked 
| 116|0x00000000e7400000, 0x00000000e7400000, 0x00000000e7500000|  0%| F|  |TAMS 0x00000000e7400000, 0x00000000e7400000| Untracked 
| 117|0x00000000e7500000, 0x00000000e7500000, 0x00000000e7600000|  0%| F|  |TAMS 0x00000000e7500000, 0x00000000e7500000| Untracked 
| 118|0x00000000e7600000, 0x00000000e7600000, 0x00000000e7700000|  0%| F|  |TAMS 0x00000000e7600000, 0x00000000e7600000| Untracked 
| 119|0x00000000e7700000, 0x00000000e7700000, 0x00000000e7800000|  0%| F|  |TAMS 0x00000000e7700000, 0x00000000e7700000| Untracked 
| 120|0x00000000e7800000, 0x00000000e7800000, 0x00000000e7900000|  0%| F|  |TAMS 0x00000000e7800000, 0x00000000e7800000| Untracked 
| 121|0x00000000e7900000, 0x00000000e7900000, 0x00000000e7a00000|  0%| F|  |TAMS 0x00000000e7900000, 0x00000000e7900000| Untracked 
| 122|0x00000000e7a00000, 0x00000000e7a00000, 0x00000000e7b00000|  0%| F|  |TAMS 0x00000000e7a00000, 0x00000000e7a00000| Untracked 
| 123|0x00000000e7b00000, 0x00000000e7b00000, 0x00000000e7c00000|  0%| F|  |TAMS 0x00000000e7b00000, 0x00000000e7b00000| Untracked 
| 124|0x00000000e7c00000, 0x00000000e7c00000, 0x00000000e7d00000|  0%| F|  |TAMS 0x00000000e7c00000, 0x00000000e7c00000| Untracked 
| 125|0x00000000e7d00000, 0x00000000e7d00000, 0x00000000e7e00000|  0%| F|  |TAMS 0x00000000e7d00000, 0x00000000e7d00000| Untracked 
| 126|0x00000000e7e00000, 0x00000000e7e00000, 0x00000000e7f00000|  0%| F|  |TAMS 0x00000000e7e00000, 0x00000000e7e00000| Untracked 
| 127|0x00000000e7f00000, 0x00000000e7f00000, 0x00000000e8000000|  0%| F|  |TAMS 0x00000000e7f00000, 0x00000000e7f00000| Untracked 
| 128|0x00000000e8000000, 0x00000000e8000000, 0x00000000e8100000|  0%| F|  |TAMS 0x00000000e8000000, 0x00000000e8000000| Untracked 
| 129|0x00000000e8100000, 0x00000000e8100000, 0x00000000e8200000|  0%| F|  |TAMS 0x00000000e8100000, 0x00000000e8100000| Untracked 
| 130|0x00000000e8200000, 0x00000000e8200000, 0x00000000e8300000|  0%| F|  |TAMS 0x00000000e8200000, 0x00000000e8200000| Untracked 
| 131|0x00000000e8300000, 0x00000000e8300000, 0x00000000e8400000|  0%| F|  |TAMS 0x00000000e8300000, 0x00000000e8300000| Untracked 
| 132|0x00000000e8400000, 0x00000000e84eee98, 0x00000000e8500000| 93%| S|CS|TAMS 0x00000000e8400000, 0x00000000e8400000| Complete 
| 133|0x00000000e8500000, 0x00000000e8600000, 0x00000000e8600000|100%| S|CS|TAMS 0x00000000e8500000, 0x00000000e8500000| Complete 
| 134|0x00000000e8600000, 0x00000000e8700000, 0x00000000e8700000|100%| S|CS|TAMS 0x00000000e8600000, 0x00000000e8600000| Complete 
| 135|0x00000000e8700000, 0x00000000e8800000, 0x00000000e8800000|100%| S|CS|TAMS 0x00000000e8700000, 0x00000000e8700000| Complete 
| 136|0x00000000e8800000, 0x00000000e8900000, 0x00000000e8900000|100%| S|CS|TAMS 0x00000000e8800000, 0x00000000e8800000| Complete 
| 137|0x00000000e8900000, 0x00000000e8a00000, 0x00000000e8a00000|100%| S|CS|TAMS 0x00000000e8900000, 0x00000000e8900000| Complete 
| 138|0x00000000e8a00000, 0x00000000e8b00000, 0x00000000e8b00000|100%| S|CS|TAMS 0x00000000e8a00000, 0x00000000e8a00000| Complete 
| 139|0x00000000e8b00000, 0x00000000e8c00000, 0x00000000e8c00000|100%| S|CS|TAMS 0x00000000e8b00000, 0x00000000e8b00000| Complete 
| 140|0x00000000e8c00000, 0x00000000e8d00000, 0x00000000e8d00000|100%| S|CS|TAMS 0x00000000e8c00000, 0x00000000e8c00000| Complete 
| 141|0x00000000e8d00000, 0x00000000e8e00000, 0x00000000e8e00000|100%| S|CS|TAMS 0x00000000e8d00000, 0x00000000e8d00000| Complete 
| 142|0x00000000e8e00000, 0x00000000e8f00000, 0x00000000e8f00000|100%| S|CS|TAMS 0x00000000e8e00000, 0x00000000e8e00000| Complete 
| 143|0x00000000e8f00000, 0x00000000e9000000, 0x00000000e9000000|100%| S|CS|TAMS 0x00000000e8f00000, 0x00000000e8f00000| Complete 
| 144|0x00000000e9000000, 0x00000000e9000000, 0x00000000e9100000|  0%| F|  |TAMS 0x00000000e9000000, 0x00000000e9000000| Untracked 
| 145|0x00000000e9100000, 0x00000000e9100000, 0x00000000e9200000|  0%| F|  |TAMS 0x00000000e9100000, 0x00000000e9100000| Untracked 
| 146|0x00000000e9200000, 0x00000000e9200000, 0x00000000e9300000|  0%| F|  |TAMS 0x00000000e9200000, 0x00000000e9200000| Untracked 
| 147|0x00000000e9300000, 0x00000000e9300000, 0x00000000e9400000|  0%| F|  |TAMS 0x00000000e9300000, 0x00000000e9300000| Untracked 
| 148|0x00000000e9400000, 0x00000000e9400000, 0x00000000e9500000|  0%| F|  |TAMS 0x00000000e9400000, 0x00000000e9400000| Untracked 
| 149|0x00000000e9500000, 0x00000000e9500000, 0x00000000e9600000|  0%| F|  |TAMS 0x00000000e9500000, 0x00000000e9500000| Untracked 
| 150|0x00000000e9600000, 0x00000000e9600000, 0x00000000e9700000|  0%| F|  |TAMS 0x00000000e9600000, 0x00000000e9600000| Untracked 
| 151|0x00000000e9700000, 0x00000000e9700000, 0x00000000e9800000|  0%| F|  |TAMS 0x00000000e9700000, 0x00000000e9700000| Untracked 
| 152|0x00000000e9800000, 0x00000000e9800000, 0x00000000e9900000|  0%| F|  |TAMS 0x00000000e9800000, 0x00000000e9800000| Untracked 
| 153|0x00000000e9900000, 0x00000000e9900000, 0x00000000e9a00000|  0%| F|  |TAMS 0x00000000e9900000, 0x00000000e9900000| Untracked 
| 154|0x00000000e9a00000, 0x00000000e9a00000, 0x00000000e9b00000|  0%| F|  |TAMS 0x00000000e9a00000, 0x00000000e9a00000| Untracked 
| 155|0x00000000e9b00000, 0x00000000e9b00000, 0x00000000e9c00000|  0%| F|  |TAMS 0x00000000e9b00000, 0x00000000e9b00000| Untracked 
| 156|0x00000000e9c00000, 0x00000000e9c00000, 0x00000000e9d00000|  0%| F|  |TAMS 0x00000000e9c00000, 0x00000000e9c00000| Untracked 
| 157|0x00000000e9d00000, 0x00000000e9d00000, 0x00000000e9e00000|  0%| F|  |TAMS 0x00000000e9d00000, 0x00000000e9d00000| Untracked 
| 158|0x00000000e9e00000, 0x00000000e9e00000, 0x00000000e9f00000|  0%| F|  |TAMS 0x00000000e9e00000, 0x00000000e9e00000| Untracked 
| 159|0x00000000e9f00000, 0x00000000e9f00000, 0x00000000ea000000|  0%| F|  |TAMS 0x00000000e9f00000, 0x00000000e9f00000| Untracked 
| 160|0x00000000ea000000, 0x00000000ea000000, 0x00000000ea100000|  0%| F|  |TAMS 0x00000000ea000000, 0x00000000ea000000| Untracked 
| 161|0x00000000ea100000, 0x00000000ea100000, 0x00000000ea200000|  0%| F|  |TAMS 0x00000000ea100000, 0x00000000ea100000| Untracked 
| 162|0x00000000ea200000, 0x00000000ea200000, 0x00000000ea300000|  0%| F|  |TAMS 0x00000000ea200000, 0x00000000ea200000| Untracked 
| 163|0x00000000ea300000, 0x00000000ea300000, 0x00000000ea400000|  0%| F|  |TAMS 0x00000000ea300000, 0x00000000ea300000| Untracked 
| 164|0x00000000ea400000, 0x00000000ea400000, 0x00000000ea500000|  0%| F|  |TAMS 0x00000000ea400000, 0x00000000ea400000| Untracked 
| 165|0x00000000ea500000, 0x00000000ea500000, 0x00000000ea600000|  0%| F|  |TAMS 0x00000000ea500000, 0x00000000ea500000| Untracked 
| 166|0x00000000ea600000, 0x00000000ea600000, 0x00000000ea700000|  0%| F|  |TAMS 0x00000000ea600000, 0x00000000ea600000| Untracked 
| 167|0x00000000ea700000, 0x00000000ea7273c0, 0x00000000ea800000| 15%| E|  |TAMS 0x00000000ea700000, 0x00000000ea700000| Complete 
| 168|0x00000000ea800000, 0x00000000ea900000, 0x00000000ea900000|100%| E|CS|TAMS 0x00000000ea800000, 0x00000000ea800000| Complete 
| 169|0x00000000ea900000, 0x00000000eaa00000, 0x00000000eaa00000|100%| E|CS|TAMS 0x00000000ea900000, 0x00000000ea900000| Complete 
| 170|0x00000000eaa00000, 0x00000000eab00000, 0x00000000eab00000|100%| E|CS|TAMS 0x00000000eaa00000, 0x00000000eaa00000| Complete 
| 171|0x00000000eab00000, 0x00000000eac00000, 0x00000000eac00000|100%| E|CS|TAMS 0x00000000eab00000, 0x00000000eab00000| Complete 
| 172|0x00000000eac00000, 0x00000000ead00000, 0x00000000ead00000|100%| E|CS|TAMS 0x00000000eac00000, 0x00000000eac00000| Complete 
| 173|0x00000000ead00000, 0x00000000eae00000, 0x00000000eae00000|100%| E|CS|TAMS 0x00000000ead00000, 0x00000000ead00000| Complete 
| 174|0x00000000eae00000, 0x00000000eaf00000, 0x00000000eaf00000|100%| E|CS|TAMS 0x00000000eae00000, 0x00000000eae00000| Complete 
| 175|0x00000000eaf00000, 0x00000000eb000000, 0x00000000eb000000|100%| E|CS|TAMS 0x00000000eaf00000, 0x00000000eaf00000| Complete 
| 176|0x00000000eb000000, 0x00000000eb100000, 0x00000000eb100000|100%| E|CS|TAMS 0x00000000eb000000, 0x00000000eb000000| Complete 
| 177|0x00000000eb100000, 0x00000000eb200000, 0x00000000eb200000|100%| E|CS|TAMS 0x00000000eb100000, 0x00000000eb100000| Complete 
| 178|0x00000000eb200000, 0x00000000eb300000, 0x00000000eb300000|100%| E|CS|TAMS 0x00000000eb200000, 0x00000000eb200000| Complete 
| 179|0x00000000eb300000, 0x00000000eb400000, 0x00000000eb400000|100%| E|CS|TAMS 0x00000000eb300000, 0x00000000eb300000| Complete 
| 180|0x00000000eb400000, 0x00000000eb500000, 0x00000000eb500000|100%| E|CS|TAMS 0x00000000eb400000, 0x00000000eb400000| Complete 
| 181|0x00000000eb500000, 0x00000000eb600000, 0x00000000eb600000|100%| E|CS|TAMS 0x00000000eb500000, 0x00000000eb500000| Complete 
| 182|0x00000000eb600000, 0x00000000eb700000, 0x00000000eb700000|100%| E|CS|TAMS 0x00000000eb600000, 0x00000000eb600000| Complete 
| 183|0x00000000eb700000, 0x00000000eb800000, 0x00000000eb800000|100%| E|CS|TAMS 0x00000000eb700000, 0x00000000eb700000| Complete 
| 184|0x00000000eb800000, 0x00000000eb900000, 0x00000000eb900000|100%| E|CS|TAMS 0x00000000eb800000, 0x00000000eb800000| Complete 
| 185|0x00000000eb900000, 0x00000000eba00000, 0x00000000eba00000|100%| E|CS|TAMS 0x00000000eb900000, 0x00000000eb900000| Complete 
| 186|0x00000000eba00000, 0x00000000ebb00000, 0x00000000ebb00000|100%| E|CS|TAMS 0x00000000eba00000, 0x00000000eba00000| Complete 
| 187|0x00000000ebb00000, 0x00000000ebc00000, 0x00000000ebc00000|100%| E|CS|TAMS 0x00000000ebb00000, 0x00000000ebb00000| Complete 
| 188|0x00000000ebc00000, 0x00000000ebd00000, 0x00000000ebd00000|100%| E|CS|TAMS 0x00000000ebc00000, 0x00000000ebc00000| Complete 
| 189|0x00000000ebd00000, 0x00000000ebe00000, 0x00000000ebe00000|100%| E|CS|TAMS 0x00000000ebd00000, 0x00000000ebd00000| Complete 
| 190|0x00000000ebe00000, 0x00000000ebf00000, 0x00000000ebf00000|100%| E|CS|TAMS 0x00000000ebe00000, 0x00000000ebe00000| Complete 
| 191|0x00000000ebf00000, 0x00000000ec000000, 0x00000000ec000000|100%| E|CS|TAMS 0x00000000ebf00000, 0x00000000ebf00000| Complete 
| 192|0x00000000ec000000, 0x00000000ec100000, 0x00000000ec100000|100%| E|CS|TAMS 0x00000000ec000000, 0x00000000ec000000| Complete 
| 193|0x00000000ec100000, 0x00000000ec200000, 0x00000000ec200000|100%| E|CS|TAMS 0x00000000ec100000, 0x00000000ec100000| Complete 
| 194|0x00000000ec200000, 0x00000000ec300000, 0x00000000ec300000|100%| E|CS|TAMS 0x00000000ec200000, 0x00000000ec200000| Complete 
| 195|0x00000000ec300000, 0x00000000ec400000, 0x00000000ec400000|100%| E|CS|TAMS 0x00000000ec300000, 0x00000000ec300000| Complete 
| 196|0x00000000ec400000, 0x00000000ec500000, 0x00000000ec500000|100%| E|CS|TAMS 0x00000000ec400000, 0x00000000ec400000| Complete 
| 197|0x00000000ec500000, 0x00000000ec600000, 0x00000000ec600000|100%| E|CS|TAMS 0x00000000ec500000, 0x00000000ec500000| Complete 
| 198|0x00000000ec600000, 0x00000000ec700000, 0x00000000ec700000|100%| E|CS|TAMS 0x00000000ec600000, 0x00000000ec600000| Complete 
| 199|0x00000000ec700000, 0x00000000ec800000, 0x00000000ec800000|100%| E|CS|TAMS 0x00000000ec700000, 0x00000000ec700000| Complete 
| 200|0x00000000ec800000, 0x00000000ec900000, 0x00000000ec900000|100%| E|CS|TAMS 0x00000000ec800000, 0x00000000ec800000| Complete 
| 201|0x00000000ec900000, 0x00000000eca00000, 0x00000000eca00000|100%| E|CS|TAMS 0x00000000ec900000, 0x00000000ec900000| Complete 
| 202|0x00000000eca00000, 0x00000000ecb00000, 0x00000000ecb00000|100%| E|CS|TAMS 0x00000000eca00000, 0x00000000eca00000| Complete 
| 203|0x00000000ecb00000, 0x00000000ecc00000, 0x00000000ecc00000|100%| E|CS|TAMS 0x00000000ecb00000, 0x00000000ecb00000| Complete 
| 204|0x00000000ecc00000, 0x00000000ecd00000, 0x00000000ecd00000|100%| E|CS|TAMS 0x00000000ecc00000, 0x00000000ecc00000| Complete 
| 205|0x00000000ecd00000, 0x00000000ece00000, 0x00000000ece00000|100%| E|CS|TAMS 0x00000000ecd00000, 0x00000000ecd00000| Complete 
| 206|0x00000000ece00000, 0x00000000ecf00000, 0x00000000ecf00000|100%| E|CS|TAMS 0x00000000ece00000, 0x00000000ece00000| Complete 
| 207|0x00000000ecf00000, 0x00000000ed000000, 0x00000000ed000000|100%| E|CS|TAMS 0x00000000ecf00000, 0x00000000ecf00000| Complete 
| 208|0x00000000ed000000, 0x00000000ed100000, 0x00000000ed100000|100%| E|CS|TAMS 0x00000000ed000000, 0x00000000ed000000| Complete 
| 209|0x00000000ed100000, 0x00000000ed200000, 0x00000000ed200000|100%| E|CS|TAMS 0x00000000ed100000, 0x00000000ed100000| Complete 
| 210|0x00000000ed200000, 0x00000000ed300000, 0x00000000ed300000|100%| E|CS|TAMS 0x00000000ed200000, 0x00000000ed200000| Complete 
| 211|0x00000000ed300000, 0x00000000ed400000, 0x00000000ed400000|100%| E|CS|TAMS 0x00000000ed300000, 0x00000000ed300000| Complete 
| 212|0x00000000ed400000, 0x00000000ed500000, 0x00000000ed500000|100%| E|CS|TAMS 0x00000000ed400000, 0x00000000ed400000| Complete 
| 213|0x00000000ed500000, 0x00000000ed600000, 0x00000000ed600000|100%| E|CS|TAMS 0x00000000ed500000, 0x00000000ed500000| Complete 
| 214|0x00000000ed600000, 0x00000000ed700000, 0x00000000ed700000|100%| E|CS|TAMS 0x00000000ed600000, 0x00000000ed600000| Complete 
| 215|0x00000000ed700000, 0x00000000ed800000, 0x00000000ed800000|100%| E|CS|TAMS 0x00000000ed700000, 0x00000000ed700000| Complete 
| 216|0x00000000ed800000, 0x00000000ed900000, 0x00000000ed900000|100%| E|CS|TAMS 0x00000000ed800000, 0x00000000ed800000| Complete 
| 217|0x00000000ed900000, 0x00000000eda00000, 0x00000000eda00000|100%| E|CS|TAMS 0x00000000ed900000, 0x00000000ed900000| Complete 
| 218|0x00000000eda00000, 0x00000000edb00000, 0x00000000edb00000|100%| E|CS|TAMS 0x00000000eda00000, 0x00000000eda00000| Complete 
| 219|0x00000000edb00000, 0x00000000edc00000, 0x00000000edc00000|100%| E|CS|TAMS 0x00000000edb00000, 0x00000000edb00000| Complete 
| 220|0x00000000edc00000, 0x00000000edd00000, 0x00000000edd00000|100%| E|CS|TAMS 0x00000000edc00000, 0x00000000edc00000| Complete 
| 221|0x00000000edd00000, 0x00000000ede00000, 0x00000000ede00000|100%| E|CS|TAMS 0x00000000edd00000, 0x00000000edd00000| Complete 
| 222|0x00000000ede00000, 0x00000000edf00000, 0x00000000edf00000|100%| E|CS|TAMS 0x00000000ede00000, 0x00000000ede00000| Complete 
| 223|0x00000000edf00000, 0x00000000ee000000, 0x00000000ee000000|100%| E|CS|TAMS 0x00000000edf00000, 0x00000000edf00000| Complete 
| 224|0x00000000ee000000, 0x00000000ee100000, 0x00000000ee100000|100%| E|CS|TAMS 0x00000000ee000000, 0x00000000ee000000| Complete 
| 225|0x00000000ee100000, 0x00000000ee200000, 0x00000000ee200000|100%| E|CS|TAMS 0x00000000ee100000, 0x00000000ee100000| Complete 
| 226|0x00000000ee200000, 0x00000000ee300000, 0x00000000ee300000|100%| E|CS|TAMS 0x00000000ee200000, 0x00000000ee200000| Complete 
| 227|0x00000000ee300000, 0x00000000ee400000, 0x00000000ee400000|100%| E|CS|TAMS 0x00000000ee300000, 0x00000000ee300000| Complete 
| 228|0x00000000ee400000, 0x00000000ee500000, 0x00000000ee500000|100%| E|CS|TAMS 0x00000000ee400000, 0x00000000ee400000| Complete 
| 229|0x00000000ee500000, 0x00000000ee600000, 0x00000000ee600000|100%| E|CS|TAMS 0x00000000ee500000, 0x00000000ee500000| Complete 
| 230|0x00000000ee600000, 0x00000000ee700000, 0x00000000ee700000|100%| E|CS|TAMS 0x00000000ee600000, 0x00000000ee600000| Complete 
| 231|0x00000000ee700000, 0x00000000ee800000, 0x00000000ee800000|100%| E|CS|TAMS 0x00000000ee700000, 0x00000000ee700000| Complete 
| 232|0x00000000ee800000, 0x00000000ee900000, 0x00000000ee900000|100%| E|CS|TAMS 0x00000000ee800000, 0x00000000ee800000| Complete 
| 233|0x00000000ee900000, 0x00000000eea00000, 0x00000000eea00000|100%| E|CS|TAMS 0x00000000ee900000, 0x00000000ee900000| Complete 
| 234|0x00000000eea00000, 0x00000000eeb00000, 0x00000000eeb00000|100%| E|CS|TAMS 0x00000000eea00000, 0x00000000eea00000| Complete 
| 235|0x00000000eeb00000, 0x00000000eec00000, 0x00000000eec00000|100%| E|CS|TAMS 0x00000000eeb00000, 0x00000000eeb00000| Complete 
| 236|0x00000000eec00000, 0x00000000eed00000, 0x00000000eed00000|100%| E|CS|TAMS 0x00000000eec00000, 0x00000000eec00000| Complete 
| 237|0x00000000eed00000, 0x00000000eee00000, 0x00000000eee00000|100%| E|CS|TAMS 0x00000000eed00000, 0x00000000eed00000| Complete 
| 238|0x00000000eee00000, 0x00000000eef00000, 0x00000000eef00000|100%| E|CS|TAMS 0x00000000eee00000, 0x00000000eee00000| Complete 
| 239|0x00000000eef00000, 0x00000000ef000000, 0x00000000ef000000|100%| E|CS|TAMS 0x00000000eef00000, 0x00000000eef00000| Complete 
| 240|0x00000000ef000000, 0x00000000ef100000, 0x00000000ef100000|100%| E|CS|TAMS 0x00000000ef000000, 0x00000000ef000000| Complete 
| 241|0x00000000ef100000, 0x00000000ef200000, 0x00000000ef200000|100%| E|CS|TAMS 0x00000000ef100000, 0x00000000ef100000| Complete 
| 242|0x00000000ef200000, 0x00000000ef300000, 0x00000000ef300000|100%| E|CS|TAMS 0x00000000ef200000, 0x00000000ef200000| Complete 
| 243|0x00000000ef300000, 0x00000000ef400000, 0x00000000ef400000|100%| E|CS|TAMS 0x00000000ef300000, 0x00000000ef300000| Complete 
| 244|0x00000000ef400000, 0x00000000ef500000, 0x00000000ef500000|100%| E|CS|TAMS 0x00000000ef400000, 0x00000000ef400000| Complete 
| 245|0x00000000ef500000, 0x00000000ef600000, 0x00000000ef600000|100%| E|CS|TAMS 0x00000000ef500000, 0x00000000ef500000| Complete 
| 246|0x00000000ef600000, 0x00000000ef700000, 0x00000000ef700000|100%| E|CS|TAMS 0x00000000ef600000, 0x00000000ef600000| Complete 
| 247|0x00000000ef700000, 0x00000000ef800000, 0x00000000ef800000|100%| E|CS|TAMS 0x00000000ef700000, 0x00000000ef700000| Complete 
| 248|0x00000000ef800000, 0x00000000ef900000, 0x00000000ef900000|100%| E|CS|TAMS 0x00000000ef800000, 0x00000000ef800000| Complete 
| 249|0x00000000ef900000, 0x00000000efa00000, 0x00000000efa00000|100%| E|CS|TAMS 0x00000000ef900000, 0x00000000ef900000| Complete 
| 250|0x00000000efa00000, 0x00000000efb00000, 0x00000000efb00000|100%| E|CS|TAMS 0x00000000efa00000, 0x00000000efa00000| Complete 
| 251|0x00000000efb00000, 0x00000000efc00000, 0x00000000efc00000|100%| E|CS|TAMS 0x00000000efb00000, 0x00000000efb00000| Complete 
| 252|0x00000000efc00000, 0x00000000efd00000, 0x00000000efd00000|100%| E|CS|TAMS 0x00000000efc00000, 0x00000000efc00000| Complete 
| 253|0x00000000efd00000, 0x00000000efe00000, 0x00000000efe00000|100%| E|CS|TAMS 0x00000000efd00000, 0x00000000efd00000| Complete 
| 254|0x00000000efe00000, 0x00000000eff00000, 0x00000000eff00000|100%| E|CS|TAMS 0x00000000efe00000, 0x00000000efe00000| Complete 
| 255|0x00000000eff00000, 0x00000000f0000000, 0x00000000f0000000|100%| E|CS|TAMS 0x00000000eff00000, 0x00000000eff00000| Complete 

Card table byte_map: [0x000001c6722a0000,0x000001c6723a0000] _byte_map_base: 0x000001c671ba0000

Marking Bits (Prev, Next): (CMBitMap*) 0x000001c659deb448, (CMBitMap*) 0x000001c659deb480
 Prev Bits: [0x000001c6724a0000, 0x000001c672ca0000)
 Next Bits: [0x000001c672ca0000, 0x000001c6734a0000)

Polling page: 0x000001c6624f0000

Metaspace:

Usage:
  Non-class:     45.72 MB capacity,    44.90 MB ( 98%) used,   694.80 KB (  1%) free+waste,   146.06 KB ( <1%) overhead. 
      Class:      7.06 MB capacity,     6.54 MB ( 93%) used,   456.40 KB (  6%) free+waste,    70.44 KB ( <1%) overhead. 
       Both:     52.78 MB capacity,    51.44 MB ( 97%) used,     1.12 MB (  2%) free+waste,   216.50 KB ( <1%) overhead. 

Virtual space:
  Non-class space:       46.00 MB reserved,      45.92 MB (>99%) committed 
      Class space:      248.00 MB reserved,       7.16 MB (  3%) committed 
             Both:      294.00 MB reserved,      53.08 MB ( 18%) committed 

Chunk freelists:
   Non-Class:  14.00 KB
       Class:  5.00 KB
        Both:  19.00 KB

MaxMetaspaceSize: 256.00 MB
CompressedClassSpaceSize: 248.00 MB
Initial GC threshold: 20.80 MB
Current GC threshold: 59.09 MB
CDS: off

CodeHeap 'non-profiled nmethods': size=120000Kb used=2974Kb max_used=2974Kb free=117025Kb
 bounds [0x000001c669fe0000, 0x000001c66a2d0000, 0x000001c671510000]
CodeHeap 'profiled nmethods': size=120000Kb used=10077Kb max_used=10077Kb free=109922Kb
 bounds [0x000001c662ab0000, 0x000001c663490000, 0x000001c669fe0000]
CodeHeap 'non-nmethods': size=5760Kb used=2305Kb max_used=2362Kb free=3455Kb
 bounds [0x000001c662510000, 0x000001c662780000, 0x000001c662ab0000]
 total_blobs=5535 nmethods=4726 adapters=721
 compilation: enabled
              stopped_count=0, restarted_count=0
 full_count=0

Compilation events (20 events):
Event: 5.857 Thread 0x000001c67616e800 nmethod 4703 0x000001c663471290 code [0x000001c663471520, 0x000001c6634726e8]
Event: 5.857 Thread 0x000001c67616e800 4704       3       com.sun.beans.introspect.PropertyInfo::add (30 bytes)
Event: 5.857 Thread 0x000001c67616e800 nmethod 4704 0x000001c663472f10 code [0x000001c6634731a0, 0x000001c663473d28]
Event: 5.857 Thread 0x000001c67616e800 4705       3       com.sun.beans.introspect.MethodInfo::<init> (19 bytes)
Event: 5.858 Thread 0x000001c67616e800 nmethod 4705 0x000001c663474190 code [0x000001c6634743e0, 0x000001c663474b78]
Event: 5.858 Thread 0x000001c67616e800 4706   !   3       com.sun.beans.introspect.ClassInfo::get (28 bytes)
Event: 5.858 Thread 0x000001c67616e800 nmethod 4706 0x000001c663474e90 code [0x000001c663475080, 0x000001c663475458]
Event: 5.858 Thread 0x000001c67616e800 4707   !   3       com.sun.beans.util.Cache::get (256 bytes)
Event: 5.859 Thread 0x000001c67616e800 nmethod 4707 0x000001c663475610 code [0x000001c663475980, 0x000001c663476f18]
Event: 5.860 Thread 0x000001c67616e800 4710       3       org.codehaus.groovy.util.ComplexKeyHashMap::<init> (11 bytes)
Event: 5.860 Thread 0x000001c67616e800 nmethod 4710 0x000001c663477b90 code [0x000001c663477d60, 0x000001c663478098]
Event: 5.860 Thread 0x000001c67616e800 4711       3       org.codehaus.groovy.util.ComplexKeyHashMap::init (20 bytes)
Event: 5.860 Thread 0x000001c67616e800 nmethod 4711 0x000001c663478190 code [0x000001c663478340, 0x000001c663478558]
Event: 5.860 Thread 0x000001c67616e800 4709       3       org.codehaus.groovy.util.SingleKeyHashMap::<init> (5 bytes)
Event: 5.860 Thread 0x000001c67616e800 nmethod 4709 0x000001c663478610 code [0x000001c6634787e0, 0x000001c663478b78]
Event: 5.860 Thread 0x000001c67616e800 4708       3       java.util.stream.SpinedBuffer::<init> (18 bytes)
Event: 5.860 Thread 0x000001c67616e800 nmethod 4708 0x000001c663478c90 code [0x000001c663478e60, 0x000001c663479118]
Event: 5.863 Thread 0x000001c67616e800 4712       3       java.util.Collections$SynchronizedCollection::<init> (24 bytes)
Event: 5.863 Thread 0x000001c67616e800 nmethod 4712 0x000001c663479210 code [0x000001c663479420, 0x000001c6634799d8]
Event: 5.863 Thread 0x000001c67616e800 4713       3       java.util.Collections::synchronizedSet (10 bytes)

GC Heap History (10 events):
Event: 0.558 GC heap before
{Heap before GC invocations=0 (full 0):
 garbage-first heap   total 262144K, used 29696K [0x00000000e0000000, 0x0000000100000000)
  region size 1024K, 24 young (24576K), 0 survivors (0K)
 Metaspace       used 10160K, capacity 10498K, committed 10624K, reserved 264192K
  class space    used 1040K, capacity 1138K, committed 1152K, reserved 253952K
}
Event: 0.563 GC heap after
{Heap after GC invocations=1 (full 0):
 garbage-first heap   total 262144K, used 9304K [0x00000000e0000000, 0x0000000100000000)
  region size 1024K, 3 young (3072K), 3 survivors (3072K)
 Metaspace       used 10160K, capacity 10498K, committed 10624K, reserved 264192K
  class space    used 1040K, capacity 1138K, committed 1152K, reserved 253952K
}
Event: 2.254 GC heap before
{Heap before GC invocations=1 (full 0):
 garbage-first heap   total 262144K, used 108632K [0x00000000e0000000, 0x0000000100000000)
  region size 1024K, 101 young (103424K), 3 survivors (3072K)
 Metaspace       used 20764K, capacity 21215K, committed 21296K, reserved 274432K
  class space    used 2525K, capacity 2676K, committed 2688K, reserved 253952K
}
Event: 2.263 GC heap after
{Heap after GC invocations=2 (full 0):
 garbage-first heap   total 262144K, used 17262K [0x00000000e0000000, 0x0000000100000000)
  region size 1024K, 11 young (11264K), 11 survivors (11264K)
 Metaspace       used 20764K, capacity 21215K, committed 21296K, reserved 274432K
  class space    used 2525K, capacity 2676K, committed 2688K, reserved 253952K
}
Event: 2.730 GC heap before
{Heap before GC invocations=3 (full 0):
 garbage-first heap   total 262144K, used 63342K [0x00000000e0000000, 0x0000000100000000)
  region size 1024K, 57 young (58368K), 11 survivors (11264K)
 Metaspace       used 25416K, capacity 26062K, committed 26236K, reserved 278528K
  class space    used 3283K, capacity 3487K, committed 3532K, reserved 253952K
}
Event: 2.736 GC heap after
{Heap after GC invocations=4 (full 0):
 garbage-first heap   total 262144K, used 19077K [0x00000000e0000000, 0x0000000100000000)
  region size 1024K, 3 young (3072K), 3 survivors (3072K)
 Metaspace       used 25416K, capacity 26062K, committed 26236K, reserved 278528K
  class space    used 3283K, capacity 3487K, committed 3532K, reserved 253952K
}
Event: 3.539 GC heap before
{Heap before GC invocations=4 (full 0):
 garbage-first heap   total 262144K, used 84613K [0x00000000e0000000, 0x0000000100000000)
  region size 1024K, 68 young (69632K), 3 survivors (3072K)
 Metaspace       used 35234K, capacity 35998K, committed 36048K, reserved 286720K
  class space    used 4540K, capacity 4866K, committed 4896K, reserved 253952K
}
Event: 3.546 GC heap after
{Heap after GC invocations=5 (full 0):
 garbage-first heap   total 262144K, used 22641K [0x00000000e0000000, 0x0000000100000000)
  region size 1024K, 6 young (6144K), 6 survivors (6144K)
 Metaspace       used 35234K, capacity 35998K, committed 36048K, reserved 286720K
  class space    used 4540K, capacity 4866K, committed 4896K, reserved 253952K
}
Event: 4.631 GC heap before
{Heap before GC invocations=6 (full 0):
 garbage-first heap   total 262144K, used 134257K [0x00000000e0000000, 0x0000000100000000)
  region size 1024K, 112 young (114688K), 6 survivors (6144K)
 Metaspace       used 44371K, capacity 45328K, committed 45648K, reserved 294912K
  class space    used 5599K, capacity 5940K, committed 6048K, reserved 253952K
}
Event: 4.639 GC heap after
{Heap after GC invocations=7 (full 0):
 garbage-first heap   total 262144K, used 28789K [0x00000000e0000000, 0x0000000100000000)
  region size 1024K, 12 young (12288K), 12 survivors (12288K)
 Metaspace       used 44371K, capacity 45328K, committed 45648K, reserved 294912K
  class space    used 5599K, capacity 5940K, committed 6048K, reserved 253952K
}

Deoptimization events (20 events):
Event: 5.769 Thread 0x000001c67842e800 DEOPT PACKING pc=0x000001c66a1f0918 sp=0x000000c257cf7ea0
Event: 5.769 Thread 0x000001c67842e800 DEOPT UNPACKING pc=0x000001c66255a1af sp=0x000000c257cf7e00 mode 2
Event: 5.784 Thread 0x000001c67842e800 DEOPT PACKING pc=0x000001c66329c041 sp=0x000000c257cf7bd0
Event: 5.784 Thread 0x000001c67842e800 DEOPT UNPACKING pc=0x000001c66255a95e sp=0x000000c257cf7088 mode 0
Event: 5.786 Thread 0x000001c67842e800 Uncommon trap: trap_request=0xffffffc6 fr.pc=0x000001c66a1a11d0 relative=0x0000000000000890
Event: 5.786 Thread 0x000001c67842e800 Uncommon trap: reason=bimorphic_or_optimized_type_check action=maybe_recompile pc=0x000001c66a1a11d0 method=java.util.regex.Pattern$Start.match(Ljava/util/regex/Matcher;ILjava/lang/CharSequence;)Z @ 44 c2
Event: 5.786 Thread 0x000001c67842e800 DEOPT PACKING pc=0x000001c66a1a11d0 sp=0x000000c257cf80a0
Event: 5.786 Thread 0x000001c67842e800 DEOPT UNPACKING pc=0x000001c66255a1af sp=0x000000c257cf7f98 mode 2
Event: 5.786 Thread 0x000001c67842e800 Uncommon trap: trap_request=0xffffffc6 fr.pc=0x000001c66a1a11d0 relative=0x0000000000000890
Event: 5.786 Thread 0x000001c67842e800 Uncommon trap: reason=bimorphic_or_optimized_type_check action=maybe_recompile pc=0x000001c66a1a11d0 method=java.util.regex.Pattern$Start.match(Ljava/util/regex/Matcher;ILjava/lang/CharSequence;)Z @ 44 c2
Event: 5.786 Thread 0x000001c67842e800 DEOPT PACKING pc=0x000001c66a1a11d0 sp=0x000000c257cf80a0
Event: 5.786 Thread 0x000001c67842e800 DEOPT UNPACKING pc=0x000001c66255a1af sp=0x000000c257cf7f98 mode 2
Event: 5.787 Thread 0x000001c67842e800 Uncommon trap: trap_request=0xffffffc6 fr.pc=0x000001c66a1a11d0 relative=0x0000000000000890
Event: 5.787 Thread 0x000001c67842e800 Uncommon trap: reason=bimorphic_or_optimized_type_check action=maybe_recompile pc=0x000001c66a1a11d0 method=java.util.regex.Pattern$Start.match(Ljava/util/regex/Matcher;ILjava/lang/CharSequence;)Z @ 44 c2
Event: 5.787 Thread 0x000001c67842e800 DEOPT PACKING pc=0x000001c66a1a11d0 sp=0x000000c257cf8040
Event: 5.787 Thread 0x000001c67842e800 DEOPT UNPACKING pc=0x000001c66255a1af sp=0x000000c257cf7f38 mode 2
Event: 5.787 Thread 0x000001c67842e800 Uncommon trap: trap_request=0xffffffc6 fr.pc=0x000001c66a1f0918 relative=0x00000000000007f8
Event: 5.787 Thread 0x000001c67842e800 Uncommon trap: reason=bimorphic_or_optimized_type_check action=maybe_recompile pc=0x000001c66a1f0918 method=java.util.regex.Pattern$Start.match(Ljava/util/regex/Matcher;ILjava/lang/CharSequence;)Z @ 44 c2
Event: 5.787 Thread 0x000001c67842e800 DEOPT PACKING pc=0x000001c66a1f0918 sp=0x000000c257cf7fd0
Event: 5.787 Thread 0x000001c67842e800 DEOPT UNPACKING pc=0x000001c66255a1af sp=0x000000c257cf7f30 mode 2

Classes redefined (0 events):
No events

Internal exceptions (20 events):
Event: 5.391 Thread 0x000001c67842e800 Exception <a 'java/lang/ClassNotFoundException'{0x00000000ecf95ef8}: groovy/util/BuilderSupportBeanInfo> (0x00000000ecf95ef8) thrown at [./src/hotspot/share/classfile/systemDictionary.cpp, line 231]
Event: 5.392 Thread 0x000001c67842e800 Exception <a 'java/lang/ClassNotFoundException'{0x00000000ece0e090}: groovy/util/BuilderSupportCustomizer> (0x00000000ece0e090) thrown at [./src/hotspot/share/classfile/systemDictionary.cpp, line 231]
Event: 5.393 Thread 0x000001c67842e800 Exception <a 'java/lang/ClassNotFoundException'{0x00000000ece865a0}: groovy/util/AntBuilderCustomizer> (0x00000000ece865a0) thrown at [./src/hotspot/share/classfile/systemDictionary.cpp, line 231]
Event: 5.394 Thread 0x000001c67842e800 Exception <a 'java/lang/ClassNotFoundException'{0x00000000eceb1210}: org/gradle/api/AntBuilderCustomizer> (0x00000000eceb1210) thrown at [./src/hotspot/share/classfile/systemDictionary.cpp, line 231]
Event: 5.395 Thread 0x000001c67842e800 Exception <a 'java/lang/ClassNotFoundException'{0x00000000ecee83b0}: org/gradle/api/internal/project/ant/BasicAntBuilderCustomizer> (0x00000000ecee83b0) thrown at [./src/hotspot/share/classfile/systemDictionary.cpp, line 231]
Event: 5.396 Thread 0x000001c67842e800 Exception <a 'java/lang/ClassNotFoundException'{0x00000000ecd26640}: org/gradle/api/internal/project/DefaultAntBuilderCustomizer> (0x00000000ecd26640) thrown at [./src/hotspot/share/classfile/systemDictionary.cpp, line 231]
Event: 5.427 Thread 0x000001c67842e800 Exception <a 'java/lang/IncompatibleClassChangeError'{0x00000000eccc5f08}: Found class java.lang.Object, but interface was expected> (0x00000000eccc5f08) thrown at [./src/hotspot/share/interpreter/linkResolver.cpp, line 839]
Event: 5.551 Thread 0x000001c67842e800 Exception <a 'java/lang/NoSuchMethodError'{0x00000000ec5a33c0}: 'java.lang.Object java.lang.invoke.DirectMethodHandle$Holder.invokeStatic(java.lang.Object, java.lang.Object, java.lang.Object, java.lang.Object, int)'> (0x00000000ec5a33c0) thrown at [./src/hotspot/share/interpreter/linkResolver.cpp, line 773]
Event: 5.551 Thread 0x000001c67842e800 Exception <a 'java/lang/NoSuchMethodError'{0x00000000ec5a7b10}: 'java.lang.Object java.lang.invoke.DirectMethodHandle$Holder.invokeSpecial(java.lang.Object, java.lang.Object, java.lang.Object, java.lang.Object, java.lang.Object, int)'> (0x00000000ec5a7b10) thrown at [./src/hotspot/share/interpreter/linkResolver.cpp, line 773]
Event: 5.551 Thread 0x000001c67842e800 Exception <a 'java/lang/NoSuchMethodError'{0x00000000ec5abea8}: 'java.lang.Object java.lang.invoke.Invokers$Holder.linkToTargetMethod(java.lang.Object, java.lang.Object, java.lang.Object, int, java.lang.Object)'> (0x00000000ec5abea8) thrown at [./src/hotspot/share/interpreter/linkResolver.cpp, line 773]
Event: 5.736 Thread 0x000001c67842e800 Implicit null exception at 0x000001c66a1f39e1 to 0x000001c66a1f4fa0
Event: 5.790 Thread 0x000001c67842e800 Exception <a 'java/lang/NoSuchMethodError'{0x00000000eb1685f0}: 'java.lang.Object java.lang.invoke.DirectMethodHandle$Holder.invokeStatic(java.lang.Object, int, java.lang.Object, java.lang.Object, java.lang.Object)'> (0x00000000eb1685f0) thrown at [./src/hotspot/share/interpreter/linkResolver.cpp, line 773]
Event: 5.855 Thread 0x000001c67842e800 Exception <a 'java/lang/ClassNotFoundException'{0x00000000eac29790}: org/gradle/api/plugins/internal/DefaultBasePluginConventionBeanInfo> (0x00000000eac29790) thrown at [./src/hotspot/share/classfile/systemDictionary.cpp, line 231]
Event: 5.855 Thread 0x000001c67842e800 Exception <a 'java/lang/ClassNotFoundException'{0x00000000eac5eed8}: org/gradle/api/plugins/BasePluginConventionBeanInfo> (0x00000000eac5eed8) thrown at [./src/hotspot/share/classfile/systemDictionary.cpp, line 231]
Event: 5.856 Thread 0x000001c67842e800 Exception <a 'java/lang/ClassNotFoundException'{0x00000000eac94a18}: org/gradle/api/plugins/BasePluginConventionCustomizer> (0x00000000eac94a18) thrown at [./src/hotspot/share/classfile/systemDictionary.cpp, line 231]
Event: 5.857 Thread 0x000001c67842e800 Exception <a 'java/lang/ClassNotFoundException'{0x00000000eacdafc0}: org/gradle/api/plugins/internal/DefaultBasePluginConventionCustomizer> (0x00000000eacdafc0) thrown at [./src/hotspot/share/classfile/systemDictionary.cpp, line 231]
Event: 5.860 Thread 0x000001c67842e800 Exception <a 'java/lang/ClassNotFoundException'{0x00000000eab534e8}: org/gradle/api/plugins/internal/DefaultJavaPluginConventionBeanInfo> (0x00000000eab534e8) thrown at [./src/hotspot/share/classfile/systemDictionary.cpp, line 231]
Event: 5.861 Thread 0x000001c67842e800 Exception <a 'java/lang/ClassNotFoundException'{0x00000000eab88e90}: org/gradle/api/plugins/JavaPluginConventionBeanInfo> (0x00000000eab88e90) thrown at [./src/hotspot/share/classfile/systemDictionary.cpp, line 231]
Event: 5.861 Thread 0x000001c67842e800 Exception <a 'java/lang/ClassNotFoundException'{0x00000000eabbff70}: org/gradle/api/plugins/JavaPluginConventionCustomizer> (0x00000000eabbff70) thrown at [./src/hotspot/share/classfile/systemDictionary.cpp, line 231]
Event: 5.862 Thread 0x000001c67842e800 Exception <a 'java/lang/ClassNotFoundException'{0x00000000eaa0fe70}: org/gradle/api/plugins/internal/DefaultJavaPluginConventionCustomizer> (0x00000000eaa0fe70) thrown at [./src/hotspot/share/classfile/systemDictionary.cpp, line 231]

Events (20 events):
Event: 5.861 loading class org/gradle/api/plugins/JavaPluginConventionBeanInfo
Event: 5.861 loading class org/gradle/api/plugins/JavaPluginConventionBeanInfo done
Event: 5.861 loading class org/gradle/api/plugins/JavaPluginConventionBeanInfo
Event: 5.861 loading class org/gradle/api/plugins/JavaPluginConventionBeanInfo done
Event: 5.861 loading class org/gradle/api/plugins/JavaPluginConventionCustomizer
Event: 5.861 loading class org/gradle/api/plugins/JavaPluginConventionCustomizer done
Event: 5.861 loading class org/gradle/api/plugins/JavaPluginConventionCustomizer
Event: 5.861 loading class org/gradle/api/plugins/JavaPluginConventionCustomizer done
Event: 5.861 loading class org/gradle/api/plugins/JavaPluginConventionCustomizer
Event: 5.861 loading class org/gradle/api/plugins/JavaPluginConventionCustomizer done
Event: 5.861 loading class org/gradle/api/plugins/JavaPluginConventionCustomizer
Event: 5.861 loading class org/gradle/api/plugins/JavaPluginConventionCustomizer done
Event: 5.862 loading class org/gradle/api/plugins/internal/DefaultJavaPluginConventionCustomizer
Event: 5.862 loading class org/gradle/api/plugins/internal/DefaultJavaPluginConventionCustomizer done
Event: 5.862 loading class org/gradle/api/plugins/internal/DefaultJavaPluginConventionCustomizer
Event: 5.862 loading class org/gradle/api/plugins/internal/DefaultJavaPluginConventionCustomizer done
Event: 5.862 loading class org/gradle/api/plugins/internal/DefaultJavaPluginConventionCustomizer
Event: 5.862 loading class org/gradle/api/plugins/internal/DefaultJavaPluginConventionCustomizer done
Event: 5.862 loading class org/gradle/api/plugins/internal/DefaultJavaPluginConventionCustomizer
Event: 5.862 loading class org/gradle/api/plugins/internal/DefaultJavaPluginConventionCustomizer done


Dynamic libraries:
0x00007ff756880000 - 0x00007ff75688d000 	C:\Program Files\Eclipse Adoptium\jdk-11.0.13.8-hotspot\bin\java.exe
0x00007ffccb410000 - 0x00007ffccb605000 	C:\WINDOWS\SYSTEM32\ntdll.dll
0x00007ffccb210000 - 0x00007ffccb2ce000 	C:\WINDOWS\System32\KERNEL32.DLL
0x00007ffcc8f60000 - 0x00007ffcc9228000 	C:\WINDOWS\System32\KERNELBASE.dll
0x00007ffcc9340000 - 0x00007ffcc9440000 	C:\WINDOWS\System32\ucrtbase.dll
0x00007ffcc2580000 - 0x00007ffcc2595000 	C:\Program Files\Eclipse Adoptium\jdk-11.0.13.8-hotspot\bin\VCRUNTIME140.dll
0x00007ffcc22f0000 - 0x00007ffcc2307000 	C:\Program Files\Eclipse Adoptium\jdk-11.0.13.8-hotspot\bin\jli.dll
0x00007ffcca6b0000 - 0x00007ffcca850000 	C:\WINDOWS\System32\USER32.dll
0x00007ffcb5530000 - 0x00007ffcb57ca000 	C:\WINDOWS\WinSxS\amd64_microsoft.windows.common-controls_6595b64144ccf1df_6.0.19041.1110_none_60b5254171f9507e\COMCTL32.dll
0x00007ffcc8d60000 - 0x00007ffcc8d82000 	C:\WINDOWS\System32\win32u.dll
0x00007ffcc9440000 - 0x00007ffcc94de000 	C:\WINDOWS\System32\msvcrt.dll
0x00007ffcc9b70000 - 0x00007ffcc9b9b000 	C:\WINDOWS\System32\GDI32.dll
0x00007ffcc9230000 - 0x00007ffcc933b000 	C:\WINDOWS\System32\gdi32full.dll
0x00007ffcc8e20000 - 0x00007ffcc8ebd000 	C:\WINDOWS\System32\msvcp_win.dll
0x00007ffccb370000 - 0x00007ffccb3a0000 	C:\WINDOWS\System32\IMM32.DLL
0x00007ffcb94e0000 - 0x00007ffcb957b000 	C:\Program Files\Eclipse Adoptium\jdk-11.0.13.8-hotspot\bin\msvcp140.dll
0x00007ffc8fdb0000 - 0x00007ffc9092e000 	C:\Program Files\Eclipse Adoptium\jdk-11.0.13.8-hotspot\bin\server\jvm.dll
0x00007ffcca850000 - 0x00007ffcca8fe000 	C:\WINDOWS\System32\ADVAPI32.dll
0x00007ffcc9710000 - 0x00007ffcc97ac000 	C:\WINDOWS\System32\sechost.dll
0x00007ffcca970000 - 0x00007ffccaa95000 	C:\WINDOWS\System32\RPCRT4.dll
0x00007ffccb360000 - 0x00007ffccb368000 	C:\WINDOWS\System32\PSAPI.DLL
0x00007ffcc6070000 - 0x00007ffcc6079000 	C:\WINDOWS\SYSTEM32\WSOCK32.dll
0x00007ffcc01f0000 - 0x00007ffcc0217000 	C:\WINDOWS\SYSTEM32\WINMM.dll
0x00007ffcca900000 - 0x00007ffcca96b000 	C:\WINDOWS\System32\WS2_32.dll
0x00007ffcc05d0000 - 0x00007ffcc05da000 	C:\WINDOWS\SYSTEM32\VERSION.dll
0x00007ffcc6910000 - 0x00007ffcc6922000 	C:\WINDOWS\SYSTEM32\kernel.appcore.dll
0x00007ffcc2da0000 - 0x00007ffcc2db0000 	C:\Program Files\Eclipse Adoptium\jdk-11.0.13.8-hotspot\bin\verify.dll
0x00007ffcb8ff0000 - 0x00007ffcb91d4000 	C:\WINDOWS\SYSTEM32\DBGHELP.DLL
0x00007ffcbab40000 - 0x00007ffcbab6c000 	C:\WINDOWS\SYSTEM32\dbgcore.DLL
0x00007ffcc8d90000 - 0x00007ffcc8e12000 	C:\WINDOWS\System32\bcryptPrimitives.dll
0x00007ffcc22c0000 - 0x00007ffcc22e8000 	C:\Program Files\Eclipse Adoptium\jdk-11.0.13.8-hotspot\bin\java.dll
0x00007ffcc2d40000 - 0x00007ffcc2d4a000 	C:\Program Files\Eclipse Adoptium\jdk-11.0.13.8-hotspot\bin\jimage.dll
0x00007ffcc22a0000 - 0x00007ffcc22b7000 	C:\Program Files\Eclipse Adoptium\jdk-11.0.13.8-hotspot\bin\zip.dll
0x00007ffccaaa0000 - 0x00007ffccb1e4000 	C:\WINDOWS\System32\SHELL32.dll
0x00007ffcc6bf0000 - 0x00007ffcc7384000 	C:\WINDOWS\SYSTEM32\windows.storage.dll
0x00007ffcc97b0000 - 0x00007ffcc9b04000 	C:\WINDOWS\System32\combase.dll
0x00007ffcc84f0000 - 0x00007ffcc851c000 	C:\WINDOWS\SYSTEM32\Wldp.dll
0x00007ffcc9660000 - 0x00007ffcc970d000 	C:\WINDOWS\System32\SHCORE.dll
0x00007ffcca650000 - 0x00007ffcca6a5000 	C:\WINDOWS\System32\shlwapi.dll
0x00007ffcc8a40000 - 0x00007ffcc8a5f000 	C:\WINDOWS\SYSTEM32\profapi.dll
0x00007ffcc2280000 - 0x00007ffcc2299000 	C:\Program Files\Eclipse Adoptium\jdk-11.0.13.8-hotspot\bin\net.dll
0x00007ffcbd530000 - 0x00007ffcbd639000 	C:\WINDOWS\SYSTEM32\WINHTTP.dll
0x00007ffcc81f0000 - 0x00007ffcc825a000 	C:\WINDOWS\system32\mswsock.dll
0x00007ffcc0f40000 - 0x00007ffcc0f52000 	C:\Program Files\Eclipse Adoptium\jdk-11.0.13.8-hotspot\bin\nio.dll
0x00007ffcc2dc0000 - 0x00007ffcc2de7000 	C:\Users\pletn\.gradle\native\8bec1ad78214c89d9ad589b4d07fe93259594b29d510b10fafb7a158f7737e5d\windows-amd64\native-platform.dll
0x00007ffcc1290000 - 0x00007ffcc13cd000 	C:\Users\pletn\.gradle\native\53dbd7edfb1c66fb8903c78663c9afc45aea4f116125fa6feffd364cf09443e8\windows-amd64\native-platform-file-events.dll
0x00007ffcc1e00000 - 0x00007ffcc1e09000 	C:\Program Files\Eclipse Adoptium\jdk-11.0.13.8-hotspot\bin\management.dll
0x00007ffcc1980000 - 0x00007ffcc198b000 	C:\Program Files\Eclipse Adoptium\jdk-11.0.13.8-hotspot\bin\management_ext.dll
0x00007ffcc8440000 - 0x00007ffcc8458000 	C:\WINDOWS\SYSTEM32\CRYPTSP.dll
0x00007ffcc7b70000 - 0x00007ffcc7ba4000 	C:\WINDOWS\system32\rsaenh.dll
0x00007ffcc8ec0000 - 0x00007ffcc8ee7000 	C:\WINDOWS\System32\bcrypt.dll
0x00007ffcc8a00000 - 0x00007ffcc8a2e000 	C:\WINDOWS\SYSTEM32\USERENV.dll
0x00007ffcc8460000 - 0x00007ffcc846c000 	C:\WINDOWS\SYSTEM32\CRYPTBASE.dll
0x00007ffcc7ee0000 - 0x00007ffcc7f1b000 	C:\WINDOWS\SYSTEM32\IPHLPAPI.DLL
0x00007ffcca640000 - 0x00007ffcca648000 	C:\WINDOWS\System32\NSI.dll
0x00007ffcc0240000 - 0x00007ffcc0257000 	C:\WINDOWS\SYSTEM32\dhcpcsvc6.DLL
0x00007ffcc04e0000 - 0x00007ffcc04fd000 	C:\WINDOWS\SYSTEM32\dhcpcsvc.DLL
0x00007ffcc7f20000 - 0x00007ffcc7fea000 	C:\WINDOWS\SYSTEM32\DNSAPI.dll

dbghelp: loaded successfully - version: 4.0.5 - missing functions: none
symbol engine: initialized successfully - sym options: 0x614 - pdb path: .;C:\Program Files\Eclipse Adoptium\jdk-11.0.13.8-hotspot\bin;C:\WINDOWS\SYSTEM32;C:\WINDOWS\WinSxS\amd64_microsoft.windows.common-controls_6595b64144ccf1df_6.0.19041.1110_none_60b5254171f9507e;C:\Program Files\Eclipse Adoptium\jdk-11.0.13.8-hotspot\bin\server;C:\Users\pletn\.gradle\native\8bec1ad78214c89d9ad589b4d07fe93259594b29d510b10fafb7a158f7737e5d\windows-amd64;C:\Users\pletn\.gradle\native\53dbd7edfb1c66fb8903c78663c9afc45aea4f116125fa6feffd364cf09443e8\windows-amd64

VM Arguments:
jvm_args: --add-opens=java.base/java.util=ALL-UNNAMED --add-opens=java.base/java.lang=ALL-UNNAMED --add-opens=java.base/java.lang.invoke=ALL-UNNAMED --add-opens=java.base/java.util=ALL-UNNAMED --add-opens=java.prefs/java.util.prefs=ALL-UNNAMED --add-opens=java.prefs/java.util.prefs=ALL-UNNAMED --add-opens=java.base/java.nio.charset=ALL-UNNAMED --add-opens=java.base/java.net=ALL-UNNAMED --add-opens=java.base/java.util.concurrent.atomic=ALL-UNNAMED -XX:MaxMetaspaceSize=256m -XX:+HeapDumpOnOutOfMemoryError -Xms256m -Xmx512m -Dfile.encoding=windows-1251 -Duser.country=RU -Duser.language=ru -Duser.variant 
java_command: org.gradle.launcher.daemon.bootstrap.GradleDaemon 7.1
java_class_path (initial): C:\Users\pletn\.gradle\wrapper\dists\gradle-7.1-bin\4pslxx9lrxt5svtz5wbnb6tkz\gradle-7.1\lib\gradle-launcher-7.1.jar
Launcher Type: SUN_STANDARD

[Global flags]
     intx CICompilerCount                          = 4                                         {product} {ergonomic}
   size_t CompressedClassSpaceSize                 = 260046848                                 {product} {ergonomic}
     uint ConcGCThreads                            = 3                                         {product} {ergonomic}
     uint G1ConcRefinementThreads                  = 10                                        {product} {ergonomic}
   size_t G1HeapRegionSize                         = 1048576                                   {product} {ergonomic}
    uintx GCDrainStackTargetSize                   = 64                                        {product} {ergonomic}
     bool HeapDumpOnOutOfMemoryError               = true                                   {manageable} {command line}
   size_t InitialHeapSize                          = 268435456                                 {product} {command line}
   size_t MarkStackSize                            = 4194304                                   {product} {ergonomic}
   size_t MaxHeapSize                              = 536870912                                 {product} {command line}
   size_t MaxMetaspaceSize                         = 268435456                                 {product} {command line}
   size_t MaxNewSize                               = 321912832                                 {product} {ergonomic}
   size_t MinHeapDeltaBytes                        = 1048576                                   {product} {ergonomic}
    uintx NonNMethodCodeHeapSize                   = 5836300                                {pd product} {ergonomic}
    uintx NonProfiledCodeHeapSize                  = 122910970                              {pd product} {ergonomic}
    uintx ProfiledCodeHeapSize                     = 122910970                              {pd product} {ergonomic}
    uintx ReservedCodeCacheSize                    = 251658240                              {pd product} {ergonomic}
     bool SegmentedCodeCache                       = true                                      {product} {ergonomic}
     bool UseCompressedClassPointers               = true                                 {lp64_product} {ergonomic}
     bool UseCompressedOops                        = true                                 {lp64_product} {ergonomic}
     bool UseG1GC                                  = true                                      {product} {ergonomic}
     bool UseLargePagesIndividualAllocation        = false                                  {pd product} {ergonomic}

Logging:
Log output configuration:
 #0: stdout all=warning uptime,level,tags
 #1: stderr all=off uptime,level,tags

Environment Variables:
PATH=C:\Program Files\Eclipse Adoptium\jdk-11.0.13.8-hotspot\bin;C:\WINDOWS\system32;C:\WINDOWS;C:\WINDOWS\System32\Wbem;C:\WINDOWS\System32\WindowsPowerShell\v1.0\;C:\WINDOWS\System32\OpenSSH\;C:\Program Files\Git\cmd;C:\Users\pletn\AppData\Local\Microsoft\WindowsApps;
USERNAME=pletn
OS=Windows_NT
PROCESSOR_IDENTIFIER=AMD64 Family 23 Model 96 Stepping 1, AuthenticAMD



---------------  S Y S T E M  ---------------

OS: Windows 10 , 64 bit Build 19041 (10.0.19041.1566)
OS uptime: 5 days 22:16 hours

CPU:total 12 (initial active 12) (12 cores per cpu, 2 threads per core) family 23 model 96 stepping 1 microcode 0x0, cmov, cx8, fxsr, mmx, sse, sse2, sse3, ssse3, sse4.1, sse4.2, popcnt, avx, avx2, aes, clmul, mmxext, 3dnowpref, lzcnt, sse4a, ht, tsc, tscinvbit, tscinv, bmi1, bmi2, adx, sha, fma

Memory: 4k page, system-wide physical 15791M (290M free)
TotalPageFile size 64943M (AvailPageFile size 9M)
current process WorkingSet (physical memory assigned to process): 338M, peak: 341M
current process commit charge ("private bytes"): 495M, peak: 499M

vm_info: OpenJDK 64-Bit Server VM (11.0.13+8) for windows-amd64 JRE (11.0.13+8), built on Oct 19 2021 17:05:59 by "" with unknown MS VC++:1916

END.
